#
# A fatal error has been detected by the Java Runtime Environment:
#
#  SIGSEGV (0xb) at pc=0x000000011bba11c5, pid=3942, tid=259
#
# JRE version: OpenJDK Runtime Environment Corretto-16.0.2.7.1 (16.0.2+7) (build 16.0.2+7)
# Java VM: OpenJDK 64-Bit Server VM Corretto-16.0.2.7.1 (16.0.2+7, mixed mode, sharing, tiered, compressed oops, compressed class ptrs, g1 gc, bsd-amd64)
# Problematic frame:
# j  java.lang.ClassLoader.findNative(Ljava/lang/ClassLoader;Ljava/lang/String;)J+17 java.base@16.0.2
#
# No core dump will be written. Core dumps have been disabled. To enable core dumping, try "ulimit -c unlimited" before starting Java again
#
# If you would like to submit a bug report, please visit:
#   https://github.com/corretto/corretto-jdk/issues/
#

---------------  S U M M A R Y ------------

Command Line: --add-modules=javafx.controls,javafx.fxml,javafx.graphics,javafx.media --module-path=/Users/xiaobingliu/.gradle/caches/modules-2/files-2.1/org.openjfx/javafx-media/17.0.1/e93ba5b7a365d89abb9817c8777e3a9cb58df17/javafx-media-17.0.1-mac.jar:/Users/xiaobingliu/.gradle/caches/modules-2/files-2.1/org.openjfx/javafx-fxml/17.0.1/4ec9abf3948b347b5ce0e09813add3f25a6dbc0b/javafx-fxml-17.0.1-mac.jar:/Users/xiaobingliu/.gradle/caches/modules-2/files-2.1/org.openjfx/javafx-controls/17.0.1/9c4e3c7ee4fe3f2d71cb94811910695f43040dc5/javafx-controls-17.0.1-mac.jar:/Users/xiaobingliu/.gradle/caches/modules-2/files-2.1/org.openjfx/javafx-graphics/17.0.1/60505369f7528056d4d8c5ea080df5447bdb0264/javafx-graphics-17.0.1-mac.jar:/Users/xiaobingliu/.gradle/caches/modules-2/files-2.1/org.openjfx/javafx-base/17.0.1/75cfa6f780ea3b3fd4ae336161e9e136ebb91ef2/javafx-base-17.0.1-mac.jar -Dfile.encoding=UTF-8 -Duser.country=CN -Duser.language=en -Duser.variant Main

Host: MacBookPro14,1 x86_64 2300 MHz, 4 cores, 8G, Darwin 21.2.0, macOS 12.1 (21C52)
Time: Fri Feb 18 17:42:10 2022 EST elapsed time: 0.761509 seconds (0d 0h 0m 0s)

---------------  T H R E A D  ---------------

Current thread (0x00007f87c902f600):  JavaThread "JavaFX Application Thread" [_thread_in_Java, id=259, stack(0x00007ff7b66d6000,0x00007ff7b6ed6000)]

Stack: [0x00007ff7b66d6000,0x00007ff7b6ed6000],  sp=0x00007ff7b6ed1080,  free space=8172k
Native frames: (J=compiled Java code, A=aot compiled Java code, j=interpreted, Vv=VM code, C=native code)
j  java.lang.ClassLoader.findNative(Ljava/lang/ClassLoader;Ljava/lang/String;)J+17 java.base@16.0.2
v  ~StubRoutines::call_stub
V  [libjvm.dylib+0x5166c1]  _ZN9JavaCalls11call_helperEP9JavaValueRK12methodHandleP17JavaCallArgumentsP6Thread+0x2b1
V  [libjvm.dylib+0x515d71]  _ZN9JavaCalls11call_staticEP9JavaValueP5KlassP6SymbolS5_P17JavaCallArgumentsP6Thread+0x111
V  [libjvm.dylib+0x515f04]  _ZN9JavaCalls11call_staticEP9JavaValueP5KlassP6SymbolS5_6HandleS6_P6Thread+0x64
V  [libjvm.dylib+0x86da2f]  _ZN12NativeLookup12lookup_styleERK12methodHandlePcPKcibRbP6Thread+0x27f
V  [libjvm.dylib+0x86dc0a]  _ZN12NativeLookup12lookup_entryERK12methodHandleRbP6Thread+0x6a
V  [libjvm.dylib+0x86e532]  _ZN12NativeLookup11lookup_baseERK12methodHandleRbP6Thread+0x42
V  [libjvm.dylib+0x86e65e]  _ZN12NativeLookup6lookupERK12methodHandleRbP6Thread+0x3e
V  [libjvm.dylib+0x511f1c]  _ZN18InterpreterRuntime19prepare_native_callEP10JavaThreadP6Method+0x7c
j  com.sun.prism.es2.MacGLFactory.nGetAdapterOrdinal(J)I+0 javafx.graphics
j  com.sun.prism.es2.MacGLFactory.getAdapterOrdinal(J)I+1 javafx.graphics
j  com.sun.prism.es2.ES2Pipeline.getAdapterOrdinal(Lcom/sun/glass/ui/Screen;)I+7 javafx.graphics
j  com.sun.javafx.tk.quantum.QuantumToolkit.assignScreensAdapters()V+35 javafx.graphics
j  com.sun.javafx.tk.quantum.QuantumToolkit.runToolkit()V+33 javafx.graphics
j  com.sun.javafx.tk.quantum.QuantumToolkit.lambda$startup$10()V+1 javafx.graphics
j  com.sun.javafx.tk.quantum.QuantumToolkit$$Lambda$64+0x0000000800c29b10.run()V+4 javafx.graphics
j  com.sun.glass.ui.Application.lambda$run$1(Ljava/lang/Runnable;)V+4 javafx.graphics
j  com.sun.glass.ui.Application$$Lambda$69+0x0000000800c2db80.run()V+4 javafx.graphics
j  com.sun.glass.ui.mac.MacApplication.lambda$runLoop$3(Ljava/lang/Runnable;)V+12 javafx.graphics
j  com.sun.glass.ui.mac.MacApplication$$Lambda$70+0x0000000800c2dda8.run()V+8 javafx.graphics
v  ~StubRoutines::call_stub
V  [libjvm.dylib+0x5166c1]  _ZN9JavaCalls11call_helperEP9JavaValueRK12methodHandleP17JavaCallArgumentsP6Thread+0x2b1
V  [libjvm.dylib+0x573a86]  _ZL20jni_invoke_nonstaticP7JNIEnv_P9JavaValueP8_jobject11JNICallTypeP10_jmethodIDP18JNI_ArgumentPusherP6Thread+0x2d6
V  [libjvm.dylib+0x5783a9]  jni_CallVoidMethod+0x1a9
C  [libglass.dylib+0x8582]  -[GlassApplication applicationWillFinishLaunching:]+0x192
C  [CoreFoundation+0x75f23]  __CFNOTIFICATIONCENTER_IS_CALLING_OUT_TO_AN_OBSERVER__+0xc
C  [CoreFoundation+0x1133f9]  ___CFXRegistrationPost_block_invoke+0x31
C  [CoreFoundation+0x113376]  _CFXRegistrationPost+0x1f0
C  [CoreFoundation+0x47836]  _CFXNotificationPost+0x2dd
C  [Foundation+0x91ae]  -[NSNotificationCenter postNotificationName:object:userInfo:]+0x52
C  [AppKit+0x2f84f]  -[NSApplication finishLaunching]+0x146
C  [AppKit+0x2f459]  -[NSApplication run]+0xfa
C  [libglass.dylib+0xa2a5]  -[GlassApplication runLoop:]+0x795
C  [Foundation+0x80af3]  __NSThreadPerformPerform+0xb3
C  [CoreFoundation+0x808fd]  __CFRUNLOOP_IS_CALLING_OUT_TO_A_SOURCE0_PERFORM_FUNCTION__+0x11
C  [CoreFoundation+0x80865]  __CFRunLoopDoSource0+0xb4
C  [CoreFoundation+0x805e4]  __CFRunLoopDoSources0+0xf2
C  [CoreFoundation+0x7f01b]  __CFRunLoopRun+0x37d
C  [CoreFoundation+0x7e5dd]  CFRunLoopRunSpecific+0x233
C  [libjli.dylib+0x7132]  CreateExecutionEnvironment+0x182
C  [libjli.dylib+0x2d05]  JLI_Launch+0x585
C  [java+0x3c11]  main+0x191
C  0x000000011324b4fe


siginfo: si_signo: 11 (SIGSEGV), si_code: 1 (SEGV_MAPERR), si_addr: 0x000000026af99398

Register to memory mapping:

RAX=0x0000000000100000 is an unknown value
RBX={method} {0x000000080040bc98} 'find' '(Ljava/lang/String;)J' in 'jdk/internal/loader/NativeLibraries'
RCX=0x000000026af99398 is an unknown value
RDX=0x0000000050500002 is an unknown value
RSP=0x00007ff7b6ed1080 is pointing into the stack for thread: 0x00007f87c902f600
RBP=0x00007ff7b6ed10e0 is pointing into the stack for thread: 0x00007f87c902f600
RSI=0x0000000800000010 is pointing into metadata
RDI=0x00007ff7b6ed11c0 is pointing into the stack for thread: 0x00007f87c902f600
R8 =0x0000000800000010 is pointing into metadata
R9 =0x00007ff7b6ed1340 is pointing into the stack for thread: 0x00007f87c902f600
R10=0x000000010afd2f40: _ZN19TemplateInterpreter20_invoke_return_entryE+0 in /Users/xiaobingliu/Library/Java/JavaVirtualMachines/corretto-16.0.2/Contents/Home/lib/server/libjvm.dylib at 0x000000010a279000
R11=0x0 is NULL
R12=0x0 is NULL
R13=0x00000008005c85f9 is pointing into metadata
R14=0x00007ff7b6ed10f8 is pointing into the stack for thread: 0x00007f87c902f600
R15=0x00007f87c902f600 is a thread


Registers:
RAX=0x0000000000100000, RBX=0x000000080040bc98, RCX=0x000000026af99398, RDX=0x0000000050500002
RSP=0x00007ff7b6ed1080, RBP=0x00007ff7b6ed10e0, RSI=0x0000000800000010, RDI=0x00007ff7b6ed11c0
R8 =0x0000000800000010, R9 =0x00007ff7b6ed1340, R10=0x000000010afd2f40, R11=0x0000000000000000
R12=0x0000000000000000, R13=0x00000008005c85f9, R14=0x00007ff7b6ed10f8, R15=0x00007f87c902f600
RIP=0x000000011bba11c5, EFLAGS=0x0000000000010206, ERR=0x0000000000000004
  TRAPNO=0x000000000000000e

Top of Stack: (sp=0x00007ff7b6ed1080)
0x00007ff7b6ed1080:   000000011bb9037a 000000078750d698
0x00007ff7b6ed1090:   000000026af99398 00007ff7b6ed1098
0x00007ff7b6ed10a0:   00000008005c85f9 00007ff7b6ed10f8
0x00007ff7b6ed10b0:   000000080000e3e8 0000000000000000
0x00007ff7b6ed10c0:   00000007bfe01200 00000008000128e8
0x00007ff7b6ed10d0:   0000000000000000 00007ff7b6ed10f0
0x00007ff7b6ed10e0:   00007ff7b6ed1160 000000011bb87cc9
0x00007ff7b6ed10f0:   000000078750d698 000000078750d698
0x00007ff7b6ed1100:   383724fd00001fa1 00007f87c902f600
0x00007ff7b6ed1110:   00007ff7b6ed1338 00007ff7b6ed13d8
0x00007ff7b6ed1120:   00007ff7b6ed12e0 0000000000000002
0x00007ff7b6ed1130:   00007ff7b6ed11c0 00007ff7b6ed13e0
0x00007ff7b6ed1140:   383724fd0000000b 00000008000128e8
0x00007ff7b6ed1150:   0000000800000010 00007ff7b6ed1340
0x00007ff7b6ed1160:   00007ff7b6ed1250 000000010a78f6c1
0x00007ff7b6ed1170:   0000000000000002 00007f87c902f600
0x00007ff7b6ed1180:   000000010916b000 00007f87c902f600
0x00007ff7b6ed1190:   000060000327e700 0000600001848d20
0x00007ff7b6ed11a0:   0000600001848d40 0000600001848e08
0x00007ff7b6ed11b0:   00000000000000d8 00007ff7b6ed1b08
0x00007ff7b6ed11c0:   00007f87c902f600 00007f87c9815660
0x00007ff7b6ed11d0:   00000008000128e8 0000000000000000
0x00007ff7b6ed11e0:   00007ff7b6ed15e0 0000000000000000
0x00007ff7b6ed11f0:   00007ff7b6ed1640 0000000000000000
0x00007ff7b6ed1200:   00007ff7b6ed13d8 00007ff7b6ed13d8
0x00007ff7b6ed1210:   0000000800000010 000000000000000a
0x00007ff7b6ed1220:   0000000bb6ed1250 00007ff7b6ed1270
0x00007ff7b6ed1230:   00007ff7b6ed13d8 00007ff7b6ed12e0
0x00007ff7b6ed1240:   00000008000128e8 00007f87c902f600
0x00007ff7b6ed1250:   00007ff7b6ed1320 000000010a78ed71
0x00007ff7b6ed1260:   0000000000000000 000000080000b180
0x00007ff7b6ed1270:   00000008000128e8 00007f87c902f600 

Instructions: (pc=0x000000011bba11c5)
0x000000011bba10c5:   d1 28 c1 eb 18 81 e3 ff 00 00 00 81 fb b6 00 00
0x000000011bba10d5:   00 0f 84 a9 00 00 00 bb b6 00 00 00 e8 05 00 00
0x000000011bba10e5:   00 e9 8e 00 00 00 48 8b f3 48 8d 44 24 08 4c 89
0x000000011bba10f5:   6d c0 49 8b ff c5 f8 77 49 89 af f8 02 00 00 49
0x000000011bba1105:   89 87 e8 02 00 00 f7 c4 0f 00 00 00 0f 84 12 00
0x000000011bba1115:   00 00 48 83 ec 08 e8 c0 7c be ee 48 83 c4 08 e9
0x000000011bba1125:   05 00 00 00 e8 b2 7c be ee 49 c7 87 e8 02 00 00
0x000000011bba1135:   00 00 00 00 49 c7 87 f8 02 00 00 00 00 00 00 49
0x000000011bba1145:   c7 87 f0 02 00 00 00 00 00 00 49 c7 87 00 03 00
0x000000011bba1155:   00 00 00 00 00 c5 f8 77 49 81 7f 08 00 00 00 00
0x000000011bba1165:   0f 84 05 00 00 00 e9 90 6a fe ff 4c 8b 6d c0 4c
0x000000011bba1175:   8b 75 c8 c3 41 0f b7 55 01 48 8b 4d d0 c1 e2 02
0x000000011bba1185:   48 8b 5c d1 38 8b 54 d1 40 8b ca 81 e1 ff 00 00
0x000000011bba1195:   00 48 8b 4c cc f8 44 8b ea c1 ea 1c 49 ba 40 2f
0x000000011bba11a5:   fd 0a 01 00 00 00 49 8b 14 d2 52 41 8b d5 4c 8b
0x000000011bba11b5:   6d c0 8b c2 81 e0 00 00 10 00 0f 84 84 01 00 00
0x000000011bba11c5:   48 3b 01 48 8b 45 d8 48 85 c0 0f 84 12 00 00 00
0x000000011bba11d5:   48 83 40 08 01 48 83 58 08 00 48 83 c0 38 48 89
0x000000011bba11e5:   45 d8 48 8b 45 d8 48 85 c0 0f 84 49 01 00 00 80
0x000000011bba11f5:   78 c8 0b 0f 85 3f 01 00 00 48 83 c0 08 4c 8b 68
0x000000011bba1205:   f8 41 83 ed 00 41 83 fd 02 0f 8c 1e 01 00 00 4c
0x000000011bba1215:   8b 6b 08 45 0f b7 6d 34 4c 2b 28 41 83 ed 01 4e
0x000000011bba1225:   8b 6c ec 08 4d 85 ed 75 0a 48 81 48 08 01 00 00
0x000000011bba1235:   00 eb 5a 45 8b 6d 08 49 c1 e5 03 49 ba 00 00 00
0x000000011bba1245:   00 08 00 00 00 4d 03 ea 4c 33 68 08 49 f7 c5 fc
0x000000011bba1255:   ff ff ff 74 38 49 f7 c5 02 00 00 00 75 2f 48 81
0x000000011bba1265:   78 08 00 00 00 00 74 21 48 81 78 08 01 00 00 00
0x000000011bba1275:   74 17 4c 33 68 08 49 f7 c5 fc ff ff ff 74 0e 48
0x000000011bba1285:   81 48 08 02 00 00 00 eb 04 4c 89 68 08 48 83 c0
0x000000011bba1295:   10 4c 8b 68 e8 41 83 ed 02 41 83 fd 02 0f 8c 8a
0x000000011bba12a5:   00 00 00 4c 8b 6b 08 45 0f b7 6d 34 4c 2b 28 41
0x000000011bba12b5:   83 ed 01 4e 8b 6c ec 08 4d 85 ed 75 0a 48 81 48 


Stack slot to memory mapping:
stack at sp + 0 slots: 0x000000011bb9037a is at code_begin+1434 in an Interpreter codelet
return entry points  [0x000000011bb8fde0, 0x000000011bb90920]  2880 bytes
stack at sp + 1 slots: 0x000000078750d698 is an oop: java.lang.String 
{0x000000078750d698} - klass: 'java/lang/String'
stack at sp + 2 slots: 0x000000026af99398 is an unknown value
stack at sp + 3 slots: 0x00007ff7b6ed1098 is pointing into the stack for thread: 0x00007f87c902f600
stack at sp + 4 slots: 0x00000008005c85f9 is pointing into metadata
stack at sp + 5 slots: 0x00007ff7b6ed10f8 is pointing into the stack for thread: 0x00007f87c902f600
stack at sp + 6 slots: 0x000000080000e3e8 is pointing into metadata
stack at sp + 7 slots: 0x0 is NULL

invokevirtual  182 invokevirtual  [0x000000011bba1080, 0x000000011bba1580]  1280 bytes
[MachCode]
  0x000000011bba1080: 4883 ec08 | c5fa 1104 | 24e9 2500 | 0000 4883 | ec10 c5fb | 1104 24e9 | 1700 0000 | 4883 ec10 
  0x000000011bba10a0: 4889 0424 | 48c7 4424 | 0800 0000 | 00e9 0100 | 0000 504c | 896d c041 | 0fb7 5501 | 488b 4dd0 
  0x000000011bba10c0: c1e2 028b | 5cd1 28c1 | eb18 81e3 | ff00 0000 | 81fb b600 | 0000 0f84 | a900 0000 | bbb6 0000 
  0x000000011bba10e0: 00e8 0500 | 0000 e98e | 0000 0048 | 8bf3 488d | 4424 084c | 896d c049 | 8bff c5f8 | 7749 89af 
  0x000000011bba1100: f802 0000 | 4989 87e8 | 0200 00f7 | c40f 0000 | 000f 8412 | 0000 0048 | 83ec 08e8 | c07c beee 
  0x000000011bba1120: 4883 c408 | e905 0000 | 00e8 b27c | beee 49c7 | 87e8 0200 | 0000 0000 | 0049 c787 | f802 0000 
  0x000000011bba1140: 0000 0000 | 49c7 87f0 | 0200 0000 | 0000 0049 | c787 0003 | 0000 0000 | 0000 c5f8 | 7749 817f 
  0x000000011bba1160: 0800 0000 | 000f 8405 | 0000 00e9 | 906a feff | 4c8b 6dc0 | 4c8b 75c8 | c341 0fb7 | 5501 488b 
  0x000000011bba1180: 4dd0 c1e2 | 0248 8b5c | d138 8b54 | d140 8bca | 81e1 ff00 | 0000 488b | 4ccc f844 | 8bea c1ea 
  0x000000011bba11a0: 1c49 ba40 | 2ffd 0a01 | 0000 0049 | 8b14 d252 | 418b d54c | 8b6d c08b | c281 e000 | 0010 000f 
  0x000000011bba11c0: 8484 0100 | 0048 3b01 | 488b 45d8 | 4885 c00f | 8412 0000 | 0048 8340 | 0801 4883 | 5808 0048 
  0x000000011bba11e0: 83c0 3848 | 8945 d848 | 8b45 d848 | 85c0 0f84 | 4901 0000 | 8078 c80b | 0f85 3f01 | 0000 4883 
  0x000000011bba1200: c008 4c8b | 68f8 4183 | ed00 4183 | fd02 0f8c | 1e01 0000 | 4c8b 6b08 | 450f b76d | 344c 2b28 
  0x000000011bba1220: 4183 ed01 | 4e8b 6cec | 084d 85ed | 750a 4881 | 4808 0100 | 0000 eb5a | 458b 6d08 | 49c1 e503 
  0x000000011bba1240: 49ba 0000 | 0000 0800 | 0000 4d03 | ea4c 3368 | 0849 f7c5 | fcff ffff | 7438 49f7 | c502 0000 
  0x000000011bba1260: 0075 2f48 | 8178 0800 | 0000 0074 | 2148 8178 | 0801 0000 | 0074 174c | 3368 0849 | f7c5 fcff 
  0x000000011bba1280: ffff 740e | 4881 4808 | 0200 0000 | eb04 4c89 | 6808 4883 | c010 4c8b | 68e8 4183 | ed02 4183 
  0x000000011bba12a0: fd02 0f8c | 8a00 0000 | 4c8b 6b08 | 450f b76d | 344c 2b28 | 4183 ed01 | 4e8b 6cec | 084d 85ed 
  0x000000011bba12c0: 750a 4881 | 4808 0100 | 0000 eb5a | 458b 6d08 | 49c1 e503 | 49ba 0000 | 0000 0800 | 0000 4d03 
  0x000000011bba12e0: ea4c 3368 | 0849 f7c5 | fcff ffff | 7438 49f7 | c502 0000 | 0075 2f48 | 8178 0800 | 0000 0074 
  0x000000011bba1300: 2148 8178 | 0801 0000 | 0074 174c | 3368 0849 | f7c5 fcff | ffff 740e | 4881 4808 | 0200 0000 
  0x000000011bba1320: eb04 4c89 | 6808 4883 | c010 4c8b | 68d8 4183 | ed04 41c1 | e503 4903 | c548 8945 | d84c 8d6c 
  0x000000011bba1340: 2408 4c89 | 6df0 ff63 | 488b 4108 | 48c1 e003 | 49ba 0000 | 0000 0800 | 0000 4903 | c24c 8b75 
  0x000000011bba1360: d84d 85f6 | 0f84 9500 | 0000 498b | 5618 483b | d00f 850f | 0000 0049 | 8346 2001 | 4983 5e20 
  0x000000011bba1380: 00e9 7100 | 0000 4885 | d20f 8442 | 0000 0049 | 8b56 2848 | 3bd0 0f85 | 0f00 0000 | 4983 4630 
  0x000000011bba13a0: 0149 835e | 3000 e94c | 0000 0048 | 85d2 740f | 4983 4608 | 0149 835e | 0800 e938 | 0000 0049 
  0x000000011bba13c0: 8946 28ba | 0100 0000 | 4989 5630 | e926 0000 | 0049 3b46 | 280f 850f | 0000 0049 | 8346 3001 
  0x000000011bba13e0: 4983 5e30 | 00e9 0d00 | 0000 4989 | 4618 ba01 | 0000 0049 | 8956 2049 | 83c6 384c | 8975 d848 
  0x000000011bba1400: 8b9c d8d0 | 0100 0048 | 8b55 d848 | 85d2 0f84 | 4901 0000 | 807a c80b | 0f85 3f01 | 0000 4883 
  0x000000011bba1420: c208 4c8b | 6af8 4183 | ed00 4183 | fd02 0f8c | 1e01 0000 | 4c8b 6b08 | 450f b76d | 344c 2b2a 
  0x000000011bba1440: 4183 ed01 | 4e8b 6cec | 084d 85ed | 750a 4881 | 4a08 0100 | 0000 eb5a | 458b 6d08 | 49c1 e503 
  0x000000011bba1460: 49ba 0000 | 0000 0800 | 0000 4d03 | ea4c 336a | 0849 f7c5 | fcff ffff | 7438 49f7 | c502 0000 
  0x000000011bba1480: 0075 2f48 | 817a 0800 | 0000 0074 | 2148 817a | 0801 0000 | 0074 174c | 336a 0849 | f7c5 fcff 
  0x000000011bba14a0: ffff 740e | 4881 4a08 | 0200 0000 | eb04 4c89 | 6a08 4883 | c210 4c8b | 6ae8 4183 | ed02 4183 
  0x000000011bba14c0: fd02 0f8c | 8a00 0000 | 4c8b 6b08 | 450f b76d | 344c 2b2a | 4183 ed01 | 4e8b 6cec | 084d 85ed 
  0x000000011bba14e0: 750a 4881 | 4a08 0100 | 0000 eb5a | 458b 6d08 | 49c1 e503 | 49ba 0000 | 0000 0800 | 0000 4d03 
  0x000000011bba1500: ea4c 336a | 0849 f7c5 | fcff ffff | 7438 49f7 | c502 0000 | 0075 2f48 | 817a 0800 | 0000 0074 
  0x000000011bba1520: 2148 817a | 0801 0000 | 0074 174c | 336a 0849 | f7c5 fcff | ffff 740e | 4881 4a08 | 0200 0000 
  0x000000011bba1540: eb04 4c89 | 6a08 4883 | c210 4c8b | 6ad8 4183 | ed04 41c1 | e503 4903 | d548 8955 | d84c 8d6c 
  0x000000011bba1560: 2408 4c89 | 6df0 ff63 | 480f 1f80 | 0000 0000 | 0000 0000 | 0000 0000 | 0000 0000 | 0000 0000 
[/MachCode]

---------------  P R O C E S S  ---------------

Threads class SMR info:
_java_thread_list=0x00006000027040c0, length=14, elements={
0x00007f87ca009000, 0x00007f87c9029000, 0x00007f87ca80a800, 0x00007f87c888d000,
0x00007f87c8890400, 0x00007f87c8890a00, 0x00007f87c8891000, 0x00007f87ca022e00,
0x00007f87ca025600, 0x00007f87ca024600, 0x00007f87ca80a200, 0x00007f87ca85e000,
0x00007f87c902be00, 0x00007f87c902f600
}

Java Threads: ( => current thread )
  0x00007f87ca009000 JavaThread "main" [_thread_blocked, id=9219, stack(0x0000700005eb4000,0x0000700005fb4000)]
  0x00007f87c9029000 JavaThread "Reference Handler" daemon [_thread_blocked, id=14851, stack(0x00007000065c9000,0x00007000066c9000)]
  0x00007f87ca80a800 JavaThread "Finalizer" daemon [_thread_blocked, id=15107, stack(0x00007000066cc000,0x00007000067cc000)]
  0x00007f87c888d000 JavaThread "Signal Dispatcher" daemon [_thread_blocked, id=22275, stack(0x00007000068d5000,0x00007000069d5000)]
  0x00007f87c8890400 JavaThread "Service Thread" daemon [_thread_blocked, id=42499, stack(0x00007000069d8000,0x0000700006ad8000)]
  0x00007f87c8890a00 JavaThread "Monitor Deflation Thread" daemon [_thread_blocked, id=41987, stack(0x0000700006adb000,0x0000700006bdb000)]
  0x00007f87c8891000 JavaThread "C2 CompilerThread0" daemon [_thread_blocked, id=41731, stack(0x0000700006bde000,0x0000700006cde000)]
  0x00007f87ca022e00 JavaThread "C1 CompilerThread0" daemon [_thread_blocked, id=41475, stack(0x0000700006ce1000,0x0000700006de1000)]
  0x00007f87ca025600 JavaThread "Sweeper thread" daemon [_thread_blocked, id=41219, stack(0x0000700006de4000,0x0000700006ee4000)]
  0x00007f87ca024600 JavaThread "Common-Cleaner" daemon [_thread_blocked, id=23555, stack(0x0000700006ee7000,0x0000700006fe7000)]
  0x00007f87ca80a200 JavaThread "Notification Thread" daemon [_thread_blocked, id=40451, stack(0x0000700006fea000,0x00007000070ea000)]
  0x00007f87ca85e000 JavaThread "QuantumRenderer-0" daemon [_thread_blocked, id=24323, stack(0x00007000071f0000,0x00007000072f0000)]
  0x00007f87c902be00 JavaThread "InvokeLaterDispatcher" daemon [_thread_blocked, id=28687, stack(0x00007000072f3000,0x00007000073f3000)]
=>0x00007f87c902f600 JavaThread "JavaFX Application Thread" [_thread_in_Java, id=259, stack(0x00007ff7b66d6000,0x00007ff7b6ed6000)]

Other Threads:
  0x00007f87c8713c00 VMThread "VM Thread" [stack: 0x00007000064c6000,0x00007000065c6000] [id=17155]
  0x00007f87c871c370 WatcherThread [stack: 0x00007000070ed000,0x00007000071ed000] [id=24067]
  0x00007f87c9b06520 GCTaskThread "GC Thread#0" [stack: 0x0000700005fb7000,0x00007000060b7000] [id=19459]
  0x00007f87c8706950 ConcurrentGCThread "G1 Main Marker" [stack: 0x00007000060ba000,0x00007000061ba000] [id=18947]
  0x00007f87c8707230 ConcurrentGCThread "G1 Conc#0" [stack: 0x00007000061bd000,0x00007000062bd000] [id=12547]
  0x00007f87c8711af0 ConcurrentGCThread "G1 Refine#0" [stack: 0x00007000062c0000,0x00007000063c0000] [id=17923]
  0x00007f87c87123e0 ConcurrentGCThread "G1 Service" [stack: 0x00007000063c3000,0x00007000064c3000] [id=12803]

Threads with active compile tasks:

VM state: not at safepoint (normal execution)

VM Mutex/Monitor currently owned by a thread: None

Heap address: 0x0000000780000000, size: 2048 MB, Compressed Oops mode: Zero based, Oop shift amount: 3

CDS archive(s) mapped at: [0x0000000800000000-0x0000000800bec000-0x0000000800bec000), size 12500992, SharedBaseAddress: 0x0000000800000000, ArchiveRelocationMode: 0.
Compressed class space mapped at: 0x0000000800c00000-0x0000000840c00000, reserved size: 1073741824
Narrow klass base: 0x0000000800000000, Narrow klass shift: 3, Narrow klass range: 0x100000000

GC Precious Log:
 CPUs: 4 total, 4 available
 Memory: 8192M
 Large Page Support: Disabled
 NUMA Support: Disabled
 Compressed Oops: Enabled (Zero based)
 Heap Region Size: 1M
 Heap Min Capacity: 8M
 Heap Initial Capacity: 128M
 Heap Max Capacity: 2G
 Pre-touch: Disabled
 Parallel Workers: 4
 Concurrent Workers: 1
 Concurrent Refinement Workers: 4
 Periodic GC: Disabled

Heap:
 garbage-first heap   total 133120K, used 10216K [0x0000000780000000, 0x0000000800000000)
  region size 1024K, 11 young (11264K), 0 survivors (0K)
 Metaspace       used 2725K, committed 2944K, reserved 1056768K
  class space    used 278K, committed 384K, reserved 1048576K

Heap Regions: E=young(eden), S=young(survivor), O=old, HS=humongous(starts), HC=humongous(continues), CS=collection set, F=free, OA=open archive, CA=closed archive, TAMS=top-at-mark-start (previous, next)
|   0|0x0000000780000000, 0x0000000780000000, 0x0000000780100000|  0%| F|  |TAMS 0x0000000780000000, 0x0000000780000000| Untracked 
|   1|0x0000000780100000, 0x0000000780100000, 0x0000000780200000|  0%| F|  |TAMS 0x0000000780100000, 0x0000000780100000| Untracked 
|   2|0x0000000780200000, 0x0000000780200000, 0x0000000780300000|  0%| F|  |TAMS 0x0000000780200000, 0x0000000780200000| Untracked 
|   3|0x0000000780300000, 0x0000000780300000, 0x0000000780400000|  0%| F|  |TAMS 0x0000000780300000, 0x0000000780300000| Untracked 
|   4|0x0000000780400000, 0x0000000780400000, 0x0000000780500000|  0%| F|  |TAMS 0x0000000780400000, 0x0000000780400000| Untracked 
|   5|0x0000000780500000, 0x0000000780500000, 0x0000000780600000|  0%| F|  |TAMS 0x0000000780500000, 0x0000000780500000| Untracked 
|   6|0x0000000780600000, 0x0000000780600000, 0x0000000780700000|  0%| F|  |TAMS 0x0000000780600000, 0x0000000780600000| Untracked 
|   7|0x0000000780700000, 0x0000000780700000, 0x0000000780800000|  0%| F|  |TAMS 0x0000000780700000, 0x0000000780700000| Untracked 
|   8|0x0000000780800000, 0x0000000780800000, 0x0000000780900000|  0%| F|  |TAMS 0x0000000780800000, 0x0000000780800000| Untracked 
|   9|0x0000000780900000, 0x0000000780900000, 0x0000000780a00000|  0%| F|  |TAMS 0x0000000780900000, 0x0000000780900000| Untracked 
|  10|0x0000000780a00000, 0x0000000780a00000, 0x0000000780b00000|  0%| F|  |TAMS 0x0000000780a00000, 0x0000000780a00000| Untracked 
|  11|0x0000000780b00000, 0x0000000780b00000, 0x0000000780c00000|  0%| F|  |TAMS 0x0000000780b00000, 0x0000000780b00000| Untracked 
|  12|0x0000000780c00000, 0x0000000780c00000, 0x0000000780d00000|  0%| F|  |TAMS 0x0000000780c00000, 0x0000000780c00000| Untracked 
|  13|0x0000000780d00000, 0x0000000780d00000, 0x0000000780e00000|  0%| F|  |TAMS 0x0000000780d00000, 0x0000000780d00000| Untracked 
|  14|0x0000000780e00000, 0x0000000780e00000, 0x0000000780f00000|  0%| F|  |TAMS 0x0000000780e00000, 0x0000000780e00000| Untracked 
|  15|0x0000000780f00000, 0x0000000780f00000, 0x0000000781000000|  0%| F|  |TAMS 0x0000000780f00000, 0x0000000780f00000| Untracked 
|  16|0x0000000781000000, 0x0000000781000000, 0x0000000781100000|  0%| F|  |TAMS 0x0000000781000000, 0x0000000781000000| Untracked 
|  17|0x0000000781100000, 0x0000000781100000, 0x0000000781200000|  0%| F|  |TAMS 0x0000000781100000, 0x0000000781100000| Untracked 
|  18|0x0000000781200000, 0x0000000781200000, 0x0000000781300000|  0%| F|  |TAMS 0x0000000781200000, 0x0000000781200000| Untracked 
|  19|0x0000000781300000, 0x0000000781300000, 0x0000000781400000|  0%| F|  |TAMS 0x0000000781300000, 0x0000000781300000| Untracked 
|  20|0x0000000781400000, 0x0000000781400000, 0x0000000781500000|  0%| F|  |TAMS 0x0000000781400000, 0x0000000781400000| Untracked 
|  21|0x0000000781500000, 0x0000000781500000, 0x0000000781600000|  0%| F|  |TAMS 0x0000000781500000, 0x0000000781500000| Untracked 
|  22|0x0000000781600000, 0x0000000781600000, 0x0000000781700000|  0%| F|  |TAMS 0x0000000781600000, 0x0000000781600000| Untracked 
|  23|0x0000000781700000, 0x0000000781700000, 0x0000000781800000|  0%| F|  |TAMS 0x0000000781700000, 0x0000000781700000| Untracked 
|  24|0x0000000781800000, 0x0000000781800000, 0x0000000781900000|  0%| F|  |TAMS 0x0000000781800000, 0x0000000781800000| Untracked 
|  25|0x0000000781900000, 0x0000000781900000, 0x0000000781a00000|  0%| F|  |TAMS 0x0000000781900000, 0x0000000781900000| Untracked 
|  26|0x0000000781a00000, 0x0000000781a00000, 0x0000000781b00000|  0%| F|  |TAMS 0x0000000781a00000, 0x0000000781a00000| Untracked 
|  27|0x0000000781b00000, 0x0000000781b00000, 0x0000000781c00000|  0%| F|  |TAMS 0x0000000781b00000, 0x0000000781b00000| Untracked 
|  28|0x0000000781c00000, 0x0000000781c00000, 0x0000000781d00000|  0%| F|  |TAMS 0x0000000781c00000, 0x0000000781c00000| Untracked 
|  29|0x0000000781d00000, 0x0000000781d00000, 0x0000000781e00000|  0%| F|  |TAMS 0x0000000781d00000, 0x0000000781d00000| Untracked 
|  30|0x0000000781e00000, 0x0000000781e00000, 0x0000000781f00000|  0%| F|  |TAMS 0x0000000781e00000, 0x0000000781e00000| Untracked 
|  31|0x0000000781f00000, 0x0000000781f00000, 0x0000000782000000|  0%| F|  |TAMS 0x0000000781f00000, 0x0000000781f00000| Untracked 
|  32|0x0000000782000000, 0x0000000782000000, 0x0000000782100000|  0%| F|  |TAMS 0x0000000782000000, 0x0000000782000000| Untracked 
|  33|0x0000000782100000, 0x0000000782100000, 0x0000000782200000|  0%| F|  |TAMS 0x0000000782100000, 0x0000000782100000| Untracked 
|  34|0x0000000782200000, 0x0000000782200000, 0x0000000782300000|  0%| F|  |TAMS 0x0000000782200000, 0x0000000782200000| Untracked 
|  35|0x0000000782300000, 0x0000000782300000, 0x0000000782400000|  0%| F|  |TAMS 0x0000000782300000, 0x0000000782300000| Untracked 
|  36|0x0000000782400000, 0x0000000782400000, 0x0000000782500000|  0%| F|  |TAMS 0x0000000782400000, 0x0000000782400000| Untracked 
|  37|0x0000000782500000, 0x0000000782500000, 0x0000000782600000|  0%| F|  |TAMS 0x0000000782500000, 0x0000000782500000| Untracked 
|  38|0x0000000782600000, 0x0000000782600000, 0x0000000782700000|  0%| F|  |TAMS 0x0000000782600000, 0x0000000782600000| Untracked 
|  39|0x0000000782700000, 0x0000000782700000, 0x0000000782800000|  0%| F|  |TAMS 0x0000000782700000, 0x0000000782700000| Untracked 
|  40|0x0000000782800000, 0x0000000782800000, 0x0000000782900000|  0%| F|  |TAMS 0x0000000782800000, 0x0000000782800000| Untracked 
|  41|0x0000000782900000, 0x0000000782900000, 0x0000000782a00000|  0%| F|  |TAMS 0x0000000782900000, 0x0000000782900000| Untracked 
|  42|0x0000000782a00000, 0x0000000782a00000, 0x0000000782b00000|  0%| F|  |TAMS 0x0000000782a00000, 0x0000000782a00000| Untracked 
|  43|0x0000000782b00000, 0x0000000782b00000, 0x0000000782c00000|  0%| F|  |TAMS 0x0000000782b00000, 0x0000000782b00000| Untracked 
|  44|0x0000000782c00000, 0x0000000782c00000, 0x0000000782d00000|  0%| F|  |TAMS 0x0000000782c00000, 0x0000000782c00000| Untracked 
|  45|0x0000000782d00000, 0x0000000782d00000, 0x0000000782e00000|  0%| F|  |TAMS 0x0000000782d00000, 0x0000000782d00000| Untracked 
|  46|0x0000000782e00000, 0x0000000782e00000, 0x0000000782f00000|  0%| F|  |TAMS 0x0000000782e00000, 0x0000000782e00000| Untracked 
|  47|0x0000000782f00000, 0x0000000782f00000, 0x0000000783000000|  0%| F|  |TAMS 0x0000000782f00000, 0x0000000782f00000| Untracked 
|  48|0x0000000783000000, 0x0000000783000000, 0x0000000783100000|  0%| F|  |TAMS 0x0000000783000000, 0x0000000783000000| Untracked 
|  49|0x0000000783100000, 0x0000000783100000, 0x0000000783200000|  0%| F|  |TAMS 0x0000000783100000, 0x0000000783100000| Untracked 
|  50|0x0000000783200000, 0x0000000783200000, 0x0000000783300000|  0%| F|  |TAMS 0x0000000783200000, 0x0000000783200000| Untracked 
|  51|0x0000000783300000, 0x0000000783300000, 0x0000000783400000|  0%| F|  |TAMS 0x0000000783300000, 0x0000000783300000| Untracked 
|  52|0x0000000783400000, 0x0000000783400000, 0x0000000783500000|  0%| F|  |TAMS 0x0000000783400000, 0x0000000783400000| Untracked 
|  53|0x0000000783500000, 0x0000000783500000, 0x0000000783600000|  0%| F|  |TAMS 0x0000000783500000, 0x0000000783500000| Untracked 
|  54|0x0000000783600000, 0x0000000783600000, 0x0000000783700000|  0%| F|  |TAMS 0x0000000783600000, 0x0000000783600000| Untracked 
|  55|0x0000000783700000, 0x0000000783700000, 0x0000000783800000|  0%| F|  |TAMS 0x0000000783700000, 0x0000000783700000| Untracked 
|  56|0x0000000783800000, 0x0000000783800000, 0x0000000783900000|  0%| F|  |TAMS 0x0000000783800000, 0x0000000783800000| Untracked 
|  57|0x0000000783900000, 0x0000000783900000, 0x0000000783a00000|  0%| F|  |TAMS 0x0000000783900000, 0x0000000783900000| Untracked 
|  58|0x0000000783a00000, 0x0000000783a00000, 0x0000000783b00000|  0%| F|  |TAMS 0x0000000783a00000, 0x0000000783a00000| Untracked 
|  59|0x0000000783b00000, 0x0000000783b00000, 0x0000000783c00000|  0%| F|  |TAMS 0x0000000783b00000, 0x0000000783b00000| Untracked 
|  60|0x0000000783c00000, 0x0000000783c00000, 0x0000000783d00000|  0%| F|  |TAMS 0x0000000783c00000, 0x0000000783c00000| Untracked 
|  61|0x0000000783d00000, 0x0000000783d00000, 0x0000000783e00000|  0%| F|  |TAMS 0x0000000783d00000, 0x0000000783d00000| Untracked 
|  62|0x0000000783e00000, 0x0000000783e00000, 0x0000000783f00000|  0%| F|  |TAMS 0x0000000783e00000, 0x0000000783e00000| Untracked 
|  63|0x0000000783f00000, 0x0000000783f00000, 0x0000000784000000|  0%| F|  |TAMS 0x0000000783f00000, 0x0000000783f00000| Untracked 
|  64|0x0000000784000000, 0x0000000784000000, 0x0000000784100000|  0%| F|  |TAMS 0x0000000784000000, 0x0000000784000000| Untracked 
|  65|0x0000000784100000, 0x0000000784100000, 0x0000000784200000|  0%| F|  |TAMS 0x0000000784100000, 0x0000000784100000| Untracked 
|  66|0x0000000784200000, 0x0000000784200000, 0x0000000784300000|  0%| F|  |TAMS 0x0000000784200000, 0x0000000784200000| Untracked 
|  67|0x0000000784300000, 0x0000000784300000, 0x0000000784400000|  0%| F|  |TAMS 0x0000000784300000, 0x0000000784300000| Untracked 
|  68|0x0000000784400000, 0x0000000784400000, 0x0000000784500000|  0%| F|  |TAMS 0x0000000784400000, 0x0000000784400000| Untracked 
|  69|0x0000000784500000, 0x0000000784500000, 0x0000000784600000|  0%| F|  |TAMS 0x0000000784500000, 0x0000000784500000| Untracked 
|  70|0x0000000784600000, 0x0000000784600000, 0x0000000784700000|  0%| F|  |TAMS 0x0000000784600000, 0x0000000784600000| Untracked 
|  71|0x0000000784700000, 0x0000000784700000, 0x0000000784800000|  0%| F|  |TAMS 0x0000000784700000, 0x0000000784700000| Untracked 
|  72|0x0000000784800000, 0x0000000784800000, 0x0000000784900000|  0%| F|  |TAMS 0x0000000784800000, 0x0000000784800000| Untracked 
|  73|0x0000000784900000, 0x0000000784900000, 0x0000000784a00000|  0%| F|  |TAMS 0x0000000784900000, 0x0000000784900000| Untracked 
|  74|0x0000000784a00000, 0x0000000784a00000, 0x0000000784b00000|  0%| F|  |TAMS 0x0000000784a00000, 0x0000000784a00000| Untracked 
|  75|0x0000000784b00000, 0x0000000784b00000, 0x0000000784c00000|  0%| F|  |TAMS 0x0000000784b00000, 0x0000000784b00000| Untracked 
|  76|0x0000000784c00000, 0x0000000784c00000, 0x0000000784d00000|  0%| F|  |TAMS 0x0000000784c00000, 0x0000000784c00000| Untracked 
|  77|0x0000000784d00000, 0x0000000784d00000, 0x0000000784e00000|  0%| F|  |TAMS 0x0000000784d00000, 0x0000000784d00000| Untracked 
|  78|0x0000000784e00000, 0x0000000784e00000, 0x0000000784f00000|  0%| F|  |TAMS 0x0000000784e00000, 0x0000000784e00000| Untracked 
|  79|0x0000000784f00000, 0x0000000784f00000, 0x0000000785000000|  0%| F|  |TAMS 0x0000000784f00000, 0x0000000784f00000| Untracked 
|  80|0x0000000785000000, 0x0000000785000000, 0x0000000785100000|  0%| F|  |TAMS 0x0000000785000000, 0x0000000785000000| Untracked 
|  81|0x0000000785100000, 0x0000000785100000, 0x0000000785200000|  0%| F|  |TAMS 0x0000000785100000, 0x0000000785100000| Untracked 
|  82|0x0000000785200000, 0x0000000785200000, 0x0000000785300000|  0%| F|  |TAMS 0x0000000785200000, 0x0000000785200000| Untracked 
|  83|0x0000000785300000, 0x0000000785300000, 0x0000000785400000|  0%| F|  |TAMS 0x0000000785300000, 0x0000000785300000| Untracked 
|  84|0x0000000785400000, 0x0000000785400000, 0x0000000785500000|  0%| F|  |TAMS 0x0000000785400000, 0x0000000785400000| Untracked 
|  85|0x0000000785500000, 0x0000000785500000, 0x0000000785600000|  0%| F|  |TAMS 0x0000000785500000, 0x0000000785500000| Untracked 
|  86|0x0000000785600000, 0x0000000785600000, 0x0000000785700000|  0%| F|  |TAMS 0x0000000785600000, 0x0000000785600000| Untracked 
|  87|0x0000000785700000, 0x0000000785700000, 0x0000000785800000|  0%| F|  |TAMS 0x0000000785700000, 0x0000000785700000| Untracked 
|  88|0x0000000785800000, 0x0000000785800000, 0x0000000785900000|  0%| F|  |TAMS 0x0000000785800000, 0x0000000785800000| Untracked 
|  89|0x0000000785900000, 0x0000000785900000, 0x0000000785a00000|  0%| F|  |TAMS 0x0000000785900000, 0x0000000785900000| Untracked 
|  90|0x0000000785a00000, 0x0000000785a00000, 0x0000000785b00000|  0%| F|  |TAMS 0x0000000785a00000, 0x0000000785a00000| Untracked 
|  91|0x0000000785b00000, 0x0000000785b00000, 0x0000000785c00000|  0%| F|  |TAMS 0x0000000785b00000, 0x0000000785b00000| Untracked 
|  92|0x0000000785c00000, 0x0000000785c00000, 0x0000000785d00000|  0%| F|  |TAMS 0x0000000785c00000, 0x0000000785c00000| Untracked 
|  93|0x0000000785d00000, 0x0000000785d00000, 0x0000000785e00000|  0%| F|  |TAMS 0x0000000785d00000, 0x0000000785d00000| Untracked 
|  94|0x0000000785e00000, 0x0000000785e00000, 0x0000000785f00000|  0%| F|  |TAMS 0x0000000785e00000, 0x0000000785e00000| Untracked 
|  95|0x0000000785f00000, 0x0000000785f00000, 0x0000000786000000|  0%| F|  |TAMS 0x0000000785f00000, 0x0000000785f00000| Untracked 
|  96|0x0000000786000000, 0x0000000786000000, 0x0000000786100000|  0%| F|  |TAMS 0x0000000786000000, 0x0000000786000000| Untracked 
|  97|0x0000000786100000, 0x0000000786100000, 0x0000000786200000|  0%| F|  |TAMS 0x0000000786100000, 0x0000000786100000| Untracked 
|  98|0x0000000786200000, 0x0000000786200000, 0x0000000786300000|  0%| F|  |TAMS 0x0000000786200000, 0x0000000786200000| Untracked 
|  99|0x0000000786300000, 0x0000000786300000, 0x0000000786400000|  0%| F|  |TAMS 0x0000000786300000, 0x0000000786300000| Untracked 
| 100|0x0000000786400000, 0x0000000786400000, 0x0000000786500000|  0%| F|  |TAMS 0x0000000786400000, 0x0000000786400000| Untracked 
| 101|0x0000000786500000, 0x0000000786500000, 0x0000000786600000|  0%| F|  |TAMS 0x0000000786500000, 0x0000000786500000| Untracked 
| 102|0x0000000786600000, 0x0000000786600000, 0x0000000786700000|  0%| F|  |TAMS 0x0000000786600000, 0x0000000786600000| Untracked 
| 103|0x0000000786700000, 0x0000000786700000, 0x0000000786800000|  0%| F|  |TAMS 0x0000000786700000, 0x0000000786700000| Untracked 
| 104|0x0000000786800000, 0x0000000786800000, 0x0000000786900000|  0%| F|  |TAMS 0x0000000786800000, 0x0000000786800000| Untracked 
| 105|0x0000000786900000, 0x0000000786900000, 0x0000000786a00000|  0%| F|  |TAMS 0x0000000786900000, 0x0000000786900000| Untracked 
| 106|0x0000000786a00000, 0x0000000786a00000, 0x0000000786b00000|  0%| F|  |TAMS 0x0000000786a00000, 0x0000000786a00000| Untracked 
| 107|0x0000000786b00000, 0x0000000786b00000, 0x0000000786c00000|  0%| F|  |TAMS 0x0000000786b00000, 0x0000000786b00000| Untracked 
| 108|0x0000000786c00000, 0x0000000786c00000, 0x0000000786d00000|  0%| F|  |TAMS 0x0000000786c00000, 0x0000000786c00000| Untracked 
| 109|0x0000000786d00000, 0x0000000786d00000, 0x0000000786e00000|  0%| F|  |TAMS 0x0000000786d00000, 0x0000000786d00000| Untracked 
| 110|0x0000000786e00000, 0x0000000786e00000, 0x0000000786f00000|  0%| F|  |TAMS 0x0000000786e00000, 0x0000000786e00000| Untracked 
| 111|0x0000000786f00000, 0x0000000786f00000, 0x0000000787000000|  0%| F|  |TAMS 0x0000000786f00000, 0x0000000786f00000| Untracked 
| 112|0x0000000787000000, 0x0000000787000000, 0x0000000787100000|  0%| F|  |TAMS 0x0000000787000000, 0x0000000787000000| Untracked 
| 113|0x0000000787100000, 0x0000000787100000, 0x0000000787200000|  0%| F|  |TAMS 0x0000000787100000, 0x0000000787100000| Untracked 
| 114|0x0000000787200000, 0x0000000787200000, 0x0000000787300000|  0%| F|  |TAMS 0x0000000787200000, 0x0000000787200000| Untracked 
| 115|0x0000000787300000, 0x0000000787300000, 0x0000000787400000|  0%| F|  |TAMS 0x0000000787300000, 0x0000000787300000| Untracked 
| 116|0x0000000787400000, 0x0000000787400000, 0x0000000787500000|  0%| F|  |TAMS 0x0000000787400000, 0x0000000787400000| Untracked 
| 117|0x0000000787500000, 0x0000000787585a38, 0x0000000787600000| 52%| E|  |TAMS 0x0000000787500000, 0x0000000787500000| Complete 
| 118|0x0000000787600000, 0x0000000787700000, 0x0000000787700000|100%| E|CS|TAMS 0x0000000787600000, 0x0000000787600000| Complete 
| 119|0x0000000787700000, 0x0000000787800000, 0x0000000787800000|100%| E|CS|TAMS 0x0000000787700000, 0x0000000787700000| Complete 
| 120|0x0000000787800000, 0x0000000787900000, 0x0000000787900000|100%| E|CS|TAMS 0x0000000787800000, 0x0000000787800000| Complete 
| 121|0x0000000787900000, 0x0000000787a00000, 0x0000000787a00000|100%| E|CS|TAMS 0x0000000787900000, 0x0000000787900000| Complete 
| 122|0x0000000787a00000, 0x0000000787b00000, 0x0000000787b00000|100%| E|CS|TAMS 0x0000000787a00000, 0x0000000787a00000| Complete 
| 123|0x0000000787b00000, 0x0000000787c00000, 0x0000000787c00000|100%| E|CS|TAMS 0x0000000787b00000, 0x0000000787b00000| Complete 
| 124|0x0000000787c00000, 0x0000000787d00000, 0x0000000787d00000|100%| E|  |TAMS 0x0000000787c00000, 0x0000000787c00000| Complete 
| 125|0x0000000787d00000, 0x0000000787e00000, 0x0000000787e00000|100%| E|CS|TAMS 0x0000000787d00000, 0x0000000787d00000| Complete 
| 126|0x0000000787e00000, 0x0000000787f00000, 0x0000000787f00000|100%| E|CS|TAMS 0x0000000787e00000, 0x0000000787e00000| Complete 
| 127|0x0000000787f00000, 0x0000000788000000, 0x0000000788000000|100%| E|CS|TAMS 0x0000000787f00000, 0x0000000787f00000| Complete 
|1022|0x00000007bfe00000, 0x00000007bfe75000, 0x00000007bff00000| 45%|OA|  |TAMS 0x00000007bfe00000, 0x00000007bfe00000| Untracked 
|1023|0x00000007bff00000, 0x00000007bff85000, 0x00000007c0000000| 51%|CA|  |TAMS 0x00000007bff00000, 0x00000007bff00000| Untracked 

Card table byte_map: [0x0000000109806000,0x0000000109c06000] _byte_map_base: 0x0000000105c06000

Marking Bits (Prev, Next): (CMBitMap*) 0x00007f87c880b810, (CMBitMap*) 0x00007f87c880b850
 Prev Bits: [0x000000010b3d1000, 0x000000010d3d1000)
 Next Bits: [0x000000010d3d1000, 0x000000010f3d1000)

Polling page: 0x0000000109151000

Metaspace:

Usage:
  Non-class:      2.39 MB used.
      Class:    278.95 KB used.
       Both:      2.66 MB used.

Virtual space:
  Non-class space:        8.00 MB reserved,       2.50 MB ( 31%) committed,  1 nodes.
      Class space:        1.00 GB reserved,     384.00 KB ( <1%) committed,  1 nodes.
              Both:        1.01 GB reserved,       2.88 MB ( <1%) committed. 

Chunk freelists:
   Non-Class:  2.84 MB
       Class:  3.55 MB
        Both:  6.39 MB

MaxMetaspaceSize: 17179869184.00 GB
CompressedClassSpaceSize: 1.00 GB
 - commit_granule_bytes: 65536.
 - commit_granule_words: 8192.
 - virtual_space_node_default_size: 1048576.
 - enlarge_chunks_in_place: 1.
 - new_chunks_are_fully_committed: 0.
 - uncommit_free_chunks: 1.
 - use_allocation_guard: 0.
 - handle_deallocations: 1.


Internal statistics:

num_allocs_failed_limit: 0.
num_arena_births: 72.
num_arena_deaths: 0.
num_vsnodes_births: 2.
num_vsnodes_deaths: 0.
num_space_committed: 46.
num_space_uncommitted: 0.
num_chunks_returned_to_freelist: 0.
num_chunks_taken_from_freelist: 148.
num_chunk_merges: 0.
num_chunk_splits: 94.
num_chunks_enlarged: 65.
num_purges: 0.

CodeHeap 'non-profiled nmethods': size=120032Kb used=207Kb max_used=207Kb free=119825Kb
 bounds [0x000000012364f000, 0x00000001238bf000, 0x000000012ab87000]
CodeHeap 'profiled nmethods': size=120028Kb used=881Kb max_used=881Kb free=119147Kb
 bounds [0x000000011c118000, 0x000000011c388000, 0x000000012364f000]
CodeHeap 'non-nmethods': size=5700Kb used=1181Kb max_used=1197Kb free=4518Kb
 bounds [0x000000011bb87000, 0x000000011bdf7000, 0x000000011c118000]
 total_blobs=1116 nmethods=637 adapters=393
 compilation: enabled
              stopped_count=0, restarted_count=0
 full_count=0

Compilation events (20 events):
Event: 0.551 Thread 0x00007f87ca022e00  630       3       java.lang.String::concat (15 bytes)
Event: 0.554 Thread 0x00007f87ca022e00 nmethod 630 0x000000011c1e9e90 code [0x000000011c1ea1c0, 0x000000011c1eb630]
Event: 0.555 Thread 0x00007f87ca022e00  631       3       jdk.internal.org.objectweb.asm.SymbolTable::addConstantNameAndType (137 bytes)
Event: 0.556 Thread 0x00007f87ca022e00 nmethod 631 0x000000011c1ebd90 code [0x000000011c1ebfe0, 0x000000011c1ec700]
Event: 0.556 Thread 0x00007f87ca022e00  632       3       jdk.internal.org.objectweb.asm.SymbolTable$Entry::<init> (20 bytes)
Event: 0.556 Thread 0x00007f87ca022e00 nmethod 632 0x000000011c1ecb10 code [0x000000011c1eccc0, 0x000000011c1ece00]
Event: 0.556 Thread 0x00007f87ca022e00  633       3       java.lang.invoke.MemberName::checkForTypeAlias (172 bytes)
Event: 0.558 Thread 0x00007f87ca022e00 nmethod 633 0x000000011c1ecf10 code [0x000000011c1ed380, 0x000000011c1ef250]
Event: 0.572 Thread 0x00007f87c8891000 nmethod 624 0x0000000123681690 code [0x0000000123681820, 0x0000000123682498]
Event: 0.572 Thread 0x00007f87c8891000  627       4       java.lang.invoke.MethodType::parameterCount (6 bytes)
Event: 0.572 Thread 0x00007f87c8891000 nmethod 627 0x0000000123682610 code [0x00000001236827a0, 0x0000000123682838]
Event: 0.676 Thread 0x00007f87ca022e00  634       3       java.util.concurrent.locks.AbstractQueuedSynchronizer::compareAndSetState (13 bytes)
Event: 0.677 Thread 0x00007f87ca022e00 nmethod 634 0x000000011c1efb10 code [0x000000011c1efca0, 0x000000011c1efdd0]
Event: 0.751 Thread 0x00007f87ca022e00  635       3       java.lang.invoke.MethodTypeForm::canonicalize (64 bytes)
Event: 0.751 Thread 0x00007f87ca022e00 nmethod 635 0x000000011c1efe90 code [0x000000011c1f0060, 0x000000011c1f0380]
Event: 0.751 Thread 0x00007f87ca022e00  636       3       jdk.internal.org.objectweb.asm.ByteVector::enlarge (51 bytes)
Event: 0.751 Thread 0x00007f87ca022e00 nmethod 636 0x000000011c1f0490 code [0x000000011c1f0640, 0x000000011c1f0960]
Event: 0.752 Thread 0x00007f87ca022e00  637       3       java.lang.invoke.MethodType$ConcurrentWeakInternSet::add (66 bytes)
Event: 0.754 Thread 0x00007f87ca022e00 nmethod 637 0x000000011c1f0a90 code [0x000000011c1f0d20, 0x000000011c1f1ba0]
Event: 0.758 Thread 0x00007f87ca022e00  638       3       java.lang.invoke.MethodHandles$Lookup::checkAccess (232 bytes)

GC Heap History (0 events):
No events

Deoptimization events (10 events):
Event: 0.204 Thread 0x00007f87ca009000 Uncommon trap: trap_request=0xfffffff4 fr.pc=0x000000012365be4c relative=0x00000000000001ac
Event: 0.204 Thread 0x00007f87ca009000 Uncommon trap: reason=null_check action=make_not_entrant pc=0x000000012365be4c method=java.lang.String.equals(Ljava/lang/Object;)Z @ 8 c2
Event: 0.204 Thread 0x00007f87ca009000 DEOPT PACKING pc=0x000000012365be4c sp=0x0000700005fb38b0
Event: 0.204 Thread 0x00007f87ca009000 DEOPT UNPACKING pc=0x000000011bbd4424 sp=0x0000700005fb3878 mode 2
Event: 0.254 Thread 0x00007f87ca009000 DEOPT PACKING pc=0x000000011c15954a sp=0x0000700005faf0f0
Event: 0.254 Thread 0x00007f87ca009000 DEOPT UNPACKING pc=0x000000011bbd4bba sp=0x0000700005fae560 mode 0
Event: 0.328 Thread 0x00007f87ca85e000 Uncommon trap: trap_request=0xffffff45 fr.pc=0x0000000123661888 relative=0x00000000000006c8
Event: 0.328 Thread 0x00007f87ca85e000 Uncommon trap: reason=unstable_if action=reinterpret pc=0x0000000123661888 method=jdk.internal.module.Checks.isJavaIdentifier(Ljava/lang/String;)Z @ 4 c2
Event: 0.328 Thread 0x00007f87ca85e000 DEOPT PACKING pc=0x0000000123661888 sp=0x00007000072eeda0
Event: 0.328 Thread 0x00007f87ca85e000 DEOPT UNPACKING pc=0x000000011bbd4424 sp=0x00007000072eed60 mode 2

Classes unloaded (0 events):
No events

Classes redefined (0 events):
No events

Internal exceptions (7 events):
Event: 0.204 Thread 0x00007f87ca009000 Implicit null exception at 0x000000012365bcd5 to 0x000000012365be3c
Event: 0.204 Thread 0x00007f87ca009000 Exception <a 'java/lang/NoSuchMethodError'{0x0000000787cff8d0}: 'java.lang.Object java.lang.invoke.DirectMethodHandle$Holder.invokeStatic(java.lang.Object)'> (0x0000000787cff8d0) 
thrown [src/hotspot/share/interpreter/linkResolver.cpp, line 790]
Event: 0.205 Thread 0x00007f87ca009000 Exception <a 'java/lang/NoSuchMethodError'{0x0000000787b4d490}: 'java.lang.Object java.lang.invoke.DirectMethodHandle$Holder.invokeStaticInit(java.lang.Object)'> (0x0000000787b4d490) 
thrown [src/hotspot/share/interpreter/linkResolver.cpp, line 790]
Event: 0.209 Thread 0x00007f87ca009000 Exception <a 'java/lang/NoSuchMethodError'{0x0000000787b595f0}: 'void java.lang.invoke.DirectMethodHandle$Holder.invokeStatic(java.lang.Object, java.lang.Object)'> (0x0000000787b595f0) 
thrown [src/hotspot/share/interpreter/linkResolver.cpp, line 790]
Event: 0.277 Thread 0x00007f87ca009000 Exception <a 'java/lang/NoSuchMethodError'{0x00000007879f1b00}: 'void java.lang.invoke.DirectMethodHandle$Holder.invokeSpecial(java.lang.Object, java.lang.Object, java.lang.Object)'> (0x00000007879f1b00) 
thrown [src/hotspot/share/interpreter/linkResolver.cpp, line 790]
Event: 0.289 Thread 0x00007f87ca009000 Exception <a 'java/lang/NoSuchMethodError'{0x00000007878330d8}: 'void java.lang.invoke.DirectMethodHandle$Holder.invokeStatic(java.lang.Object, java.lang.Object, java.lang.Object)'> (0x00000007878330d8) 
thrown [src/hotspot/share/interpreter/linkResolver.cpp, line 790]
Event: 0.514 Thread 0x00007f87ca009000 Exception <a 'java/lang/NoSuchMethodError'{0x00000007877d9638}: 'int java.lang.invoke.DirectMethodHandle$Holder.invokeStaticInit(java.lang.Object, java.lang.Object, java.lang.Object)'> (0x00000007877d9638) 
thrown [src/hotspot/share/interpreter/linkResolver.cpp, line 790]

Events (20 events):
Event: 0.357 Loaded shared library /Users/xiaobingliu/.openjfx/cache/17.0.1/libprism_es2.dylib
Event: 0.510 loading class java/util/concurrent/locks/AbstractQueuedSynchronizer$ConditionNode
Event: 0.510 loading class java/util/concurrent/ForkJoinPool$ManagedBlocker
Event: 0.510 loading class java/util/concurrent/ForkJoinPool$ManagedBlocker done
Event: 0.510 loading class java/util/concurrent/locks/AbstractQueuedSynchronizer$ConditionNode done
Event: 0.549 Loaded shared library /Users/xiaobingliu/.openjfx/cache/17.0.1/libglass.dylib
Event: 0.551 loading class java/util/concurrent/BlockingDeque
Event: 0.551 loading class java/util/concurrent/BlockingDeque done
Event: 0.552 loading class java/util/concurrent/LinkedBlockingDeque
Event: 0.552 loading class java/util/concurrent/LinkedBlockingDeque done
Event: 0.553 Thread 0x00007f87c902be00 Thread added: 0x00007f87c902be00
Event: 0.553 Protecting memory [0x00007000072f3000,0x00007000072f7000] with protection modes 0
Event: 0.558 Protecting memory [0x00007ff7b66d6000,0x00007ff7b66da000] with protection modes 0
Event: 0.558 Thread 0x00007f87c902f600 Thread added: 0x00007f87c902f600
Event: 0.674 Thread 0x00007f87ca0cc600 Thread added: 0x00007f87ca0cc600
Event: 0.675 Protecting memory [0x00007000073f6000,0x00007000073fa000] with protection modes 0
Event: 0.752 loading class java/util/concurrent/LinkedBlockingDeque$Node
Event: 0.752 loading class java/util/concurrent/LinkedBlockingDeque$Node done
Event: 0.753 Protecting memory [0x00007000073f6000,0x00007000073fa000] with protection modes 3
Event: 0.753 Thread 0x00007f87ca0cc600 Thread exited: 0x00007f87ca0cc600


Dynamic libraries:
0x0000000109153000 	/Users/xiaobingliu/Library/Java/JavaVirtualMachines/corretto-16.0.2/Contents/Home/lib/libjli.dylib
0x00007ff82aaf1000 	/usr/lib/libz.1.dylib
0x00007ff82abd1000 	/usr/lib/libSystem.B.dylib
0x00007ff82abcc000 	/usr/lib/system/libcache.dylib
0x00007ff82ab88000 	/usr/lib/system/libcommonCrypto.dylib
0x00007ff82abb1000 	/usr/lib/system/libcompiler_rt.dylib
0x00007ff82aba7000 	/usr/lib/system/libcopyfile.dylib
0x00007ff81fbed000 	/usr/lib/system/libcorecrypto.dylib
0x00007ff81fcac000 	/usr/lib/system/libdispatch.dylib
0x00007ff81fe6b000 	/usr/lib/system/libdyld.dylib
0x00007ff82abc3000 	/usr/lib/system/libkeymgr.dylib
0x00007ff82ab66000 	/usr/lib/system/libmacho.dylib
0x00007ff82a1f6000 	/usr/lib/system/libquarantine.dylib
0x00007ff82abc1000 	/usr/lib/system/libremovefile.dylib
0x00007ff824dcf000 	/usr/lib/system/libsystem_asl.dylib
0x00007ff81fb9b000 	/usr/lib/system/libsystem_blocks.dylib
0x00007ff81fd30000 	/usr/lib/system/libsystem_c.dylib
0x00007ff82abb9000 	/usr/lib/system/libsystem_collections.dylib
0x00007ff82949e000 	/usr/lib/system/libsystem_configuration.dylib
0x00007ff82875f000 	/usr/lib/system/libsystem_containermanager.dylib
0x00007ff82a8a3000 	/usr/lib/system/libsystem_coreservices.dylib
0x00007ff822495000 	/usr/lib/system/libsystem_darwin.dylib
0x00007ff82abc4000 	/usr/lib/system/libsystem_dnssd.dylib
0x00007ff81fd2d000 	/usr/lib/system/libsystem_featureflags.dylib
0x00007ff81fe81000 	/usr/lib/system/libsystem_info.dylib
0x00007ff82ab04000 	/usr/lib/system/libsystem_m.dylib
0x00007ff81fc80000 	/usr/lib/system/libsystem_malloc.dylib
0x00007ff824d6c000 	/usr/lib/system/libsystem_networkextension.dylib
0x00007ff8228bd000 	/usr/lib/system/libsystem_notify.dylib
0x00007ff830d40000 	/usr/lib/system/libsystem_product_info_filter.dylib
0x00007ff8294a2000 	/usr/lib/system/libsystem_sandbox.dylib
0x00007ff82abbe000 	/usr/lib/system/libsystem_secinit.dylib
0x00007ff81fe28000 	/usr/lib/system/libsystem_kernel.dylib
0x00007ff81fe77000 	/usr/lib/system/libsystem_platform.dylib
0x00007ff81fe5f000 	/usr/lib/system/libsystem_pthread.dylib
0x00007ff826624000 	/usr/lib/system/libsystem_symptoms.dylib
0x00007ff81fbd4000 	/usr/lib/system/libsystem_trace.dylib
0x00007ff82ab94000 	/usr/lib/system/libunwind.dylib
0x00007ff81fb9d000 	/usr/lib/system/libxpc.dylib
0x00007ff81fe12000 	/usr/lib/libc++abi.dylib
0x00007ff81fcf3000 	/usr/lib/libobjc.A.dylib
0x00007ff82ab9f000 	/usr/lib/liboah.dylib
0x00007ff81fdb9000 	/usr/lib/libc++.1.dylib
0x00007ff836a96000 	/System/Library/Frameworks/Cocoa.framework/Versions/A/Cocoa
0x00007ff82291b000 	/System/Library/Frameworks/AppKit.framework/Versions/C/AppKit
0x00007ff825e11000 	/System/Library/Frameworks/CoreData.framework/Versions/A/CoreData
0x00007ff820d32000 	/System/Library/Frameworks/Foundation.framework/Versions/C/Foundation
0x00007ff8237aa000 	/System/Library/PrivateFrameworks/UIFoundation.framework/Versions/A/UIFoundation
0x00007ff830a47000 	/System/Library/PrivateFrameworks/RemoteViewServices.framework/Versions/A/RemoteViewServices
0x00007ff828e37000 	/System/Library/PrivateFrameworks/XCTTargetBootstrap.framework/Versions/A/XCTTargetBootstrap
0x00007ff82c9e1000 	/System/Library/PrivateFrameworks/InternationalSupport.framework/Versions/A/InternationalSupport
0x00007ff82ca6b000 	/System/Library/PrivateFrameworks/UserActivity.framework/Versions/A/UserActivity
0x00007ff82bdc1000 	/usr/lib/libspindump.dylib
0x00007ff823a38000 	/System/Library/Frameworks/UniformTypeIdentifiers.framework/Versions/A/UniformTypeIdentifiers
0x00007ff827574000 	/usr/lib/libapp_launch_measurement.dylib
0x00007ff8267dd000 	/System/Library/PrivateFrameworks/CoreAnalytics.framework/Versions/A/CoreAnalytics
0x00007ff827577000 	/System/Library/PrivateFrameworks/CoreAutoLayout.framework/Versions/A/CoreAutoLayout
0x00007ff828797000 	/System/Library/Frameworks/Metal.framework/Versions/A/Metal
0x00007ff8294ad000 	/usr/lib/liblangid.dylib
0x00007ff828e3b000 	/System/Library/PrivateFrameworks/CoreSVG.framework/Versions/A/CoreSVG
0x00007ff824dff000 	/System/Library/PrivateFrameworks/SkyLight.framework/Versions/A/SkyLight
0x00007ff825192000 	/System/Library/Frameworks/CoreGraphics.framework/Versions/A/CoreGraphics
0x00007ff8310b6000 	/System/Library/Frameworks/Accelerate.framework/Versions/A/Accelerate
0x00007ff82b83c000 	/System/Library/PrivateFrameworks/IconServices.framework/Versions/A/IconServices
0x00007ff82877c000 	/System/Library/Frameworks/IOSurface.framework/Versions/A/IOSurface
0x00007ff82680b000 	/usr/lib/libDiagnosticMessagesClient.dylib
0x00007ff834725000 	/System/Library/Frameworks/ApplicationServices.framework/Versions/A/ApplicationServices
0x00007ff828e23000 	/System/Library/PrivateFrameworks/DFRFoundation.framework/Versions/A/DFRFoundation
0x00007ff82220c000 	/usr/lib/libicucore.A.dylib
0x00007ff82d706000 	/System/Library/Frameworks/AudioToolbox.framework/Versions/A/AudioToolbox
0x00007ff82c9ed000 	/System/Library/PrivateFrameworks/DataDetectorsCore.framework/Versions/A/DataDetectorsCore
0x00007ff92834c000 	/System/Library/PrivateFrameworks/TextInput.framework/Versions/A/TextInput
0x00007ff824d83000 	/usr/lib/libMobileGestalt.dylib
0x00007ff828b2b000 	/System/Library/Frameworks/Carbon.framework/Versions/A/Frameworks/HIToolbox.framework/Versions/A/HIToolbox
0x00007ff826fa1000 	/System/Library/Frameworks/QuartzCore.framework/Versions/A/QuartzCore
0x00007ff821eac000 	/System/Library/Frameworks/Security.framework/Versions/A/Security
0x00007ff830a7f000 	/System/Library/Frameworks/Carbon.framework/Versions/A/Frameworks/SpeechRecognition.framework/Versions/A/SpeechRecognition
0x00007ff8272d4000 	/System/Library/PrivateFrameworks/CoreUI.framework/Versions/A/CoreUI
0x00007ff821784000 	/System/Library/Frameworks/CoreAudio.framework/Versions/A/CoreAudio
0x00007ff8268f9000 	/System/Library/Frameworks/DiskArbitration.framework/Versions/A/DiskArbitration
0x00007ff82c1a8000 	/System/Library/PrivateFrameworks/MultitouchSupport.framework/Versions/A/MultitouchSupport
0x00007ff824d82000 	/usr/lib/libenergytrace.dylib
0x00007ff822807000 	/System/Library/Frameworks/IOKit.framework/Versions/A/IOKit
0x00007ff830e6b000 	/System/Library/Frameworks/CoreServices.framework/Versions/A/CoreServices
0x00007ff82750e000 	/System/Library/PrivateFrameworks/PerformanceAnalysis.framework/Versions/A/PerformanceAnalysis
0x00007ffa37b17000 	/System/Library/Frameworks/OpenGL.framework/Versions/A/OpenGL
0x00007ff82a122000 	/System/Library/PrivateFrameworks/MobileKeyBag.framework/Versions/A/MobileKeyBag
0x00007ff82585e000 	/System/Library/Frameworks/ColorSync.framework/Versions/A/ColorSync
0x00007ff81feac000 	/System/Library/Frameworks/CoreFoundation.framework/Versions/A/CoreFoundation
0x00007ff8290b4000 	/System/Library/Frameworks/CoreImage.framework/Versions/A/CoreImage
0x00007ff82159a000 	/System/Library/Frameworks/CoreText.framework/Versions/A/CoreText
0x00007ff828e6a000 	/System/Library/Frameworks/ImageIO.framework/Versions/A/ImageIO
0x00007ff82abd7000 	/System/Library/PrivateFrameworks/SoftLinking.framework/Versions/A/SoftLinking
0x00007ff8275bf000 	/usr/lib/libxml2.2.dylib
0x00007ff82ae5b000 	/usr/lib/libcompression.dylib
0x00007ff82c917000 	/System/Library/PrivateFrameworks/TextureIO.framework/Versions/A/TextureIO
0x00007ff82b54e000 	/usr/lib/libate.dylib
0x00007ff82b32c000 	/usr/lib/liblzma.5.dylib
0x00007ff820a43000 	/System/Library/Frameworks/SystemConfiguration.framework/Versions/A/SystemConfiguration
0x00007ff82abd3000 	/usr/lib/libfakelink.dylib
0x00007ff8248d5000 	/System/Library/Frameworks/CFNetwork.framework/Versions/A/CFNetwork
0x00007ff82ad12000 	/usr/lib/libarchive.2.dylib
0x00007ff8294a9000 	/System/Library/PrivateFrameworks/AppleSystemInfo.framework/Versions/A/AppleSystemInfo
0x00007ff82a21d000 	/usr/lib/libbsm.0.dylib
0x00007ff823f0b000 	/usr/lib/libnetwork.dylib
0x00007ff82ab6c000 	/usr/lib/system/libkxld.dylib
0x00007ff829e4b000 	/System/Library/PrivateFrameworks/IOMobileFramebuffer.framework/Versions/A/IOMobileFramebuffer
0x00007ffb358c5000 	/usr/lib/libCoreEntitlements.dylib
0x00007ff82a885000 	/System/Library/PrivateFrameworks/AppleFSCompression.framework/Versions/A/AppleFSCompression
0x00007ff82a205000 	/usr/lib/libcoretls.dylib
0x00007ff82b346000 	/usr/lib/libcoretls_cfhelpers.dylib
0x00007ff82ae56000 	/usr/lib/libpam.2.dylib
0x00007ff826246000 	/usr/lib/libsqlite3.dylib
0x00007ff82b3b5000 	/usr/lib/libxar.1.dylib
0x00007ff82a895000 	/usr/lib/libbz2.1.0.dylib
0x00007ff82abd8000 	/usr/lib/libpcap.A.dylib
0x00007ff82661b000 	/usr/lib/libdns_services.dylib
0x00007ff82ae25000 	/usr/lib/libapple_nghttp2.dylib
0x00007ff82ac0f000 	/usr/lib/libiconv.2.dylib
0x00007ff82ab65000 	/usr/lib/libcharset.1.dylib
0x00007ff827542000 	/System/Library/Frameworks/CoreServices.framework/Versions/A/Frameworks/FSEvents.framework/Versions/A/FSEvents
0x00007ff82249f000 	/System/Library/Frameworks/CoreServices.framework/Versions/A/Frameworks/CarbonCore.framework/Versions/A/CarbonCore
0x00007ff82685e000 	/System/Library/Frameworks/CoreServices.framework/Versions/A/Frameworks/Metadata.framework/Versions/A/Metadata
0x00007ff82a8a8000 	/System/Library/Frameworks/CoreServices.framework/Versions/A/Frameworks/OSServices.framework/Versions/A/OSServices
0x00007ff82ad99000 	/System/Library/Frameworks/CoreServices.framework/Versions/A/Frameworks/SearchKit.framework/Versions/A/SearchKit
0x00007ff8265ad000 	/System/Library/Frameworks/CoreServices.framework/Versions/A/Frameworks/AE.framework/Versions/A/AE
0x00007ff8203af000 	/System/Library/Frameworks/CoreServices.framework/Versions/A/Frameworks/LaunchServices.framework/Versions/A/LaunchServices
0x00007ff82b2dd000 	/System/Library/Frameworks/CoreServices.framework/Versions/A/Frameworks/DictionaryServices.framework/Versions/A/DictionaryServices
0x00007ff82754f000 	/System/Library/Frameworks/CoreServices.framework/Versions/A/Frameworks/SharedFileList.framework/Versions/A/SharedFileList
0x00007ff82a1f9000 	/usr/lib/libCheckFix.dylib
0x00007ff824de6000 	/System/Library/PrivateFrameworks/TCC.framework/Versions/A/TCC
0x00007ff8294af000 	/System/Library/PrivateFrameworks/CoreNLP.framework/Versions/A/CoreNLP
0x00007ff82680e000 	/System/Library/PrivateFrameworks/MetadataUtilities.framework/Versions/A/MetadataUtilities
0x00007ff820af3000 	/usr/lib/libmecabra.dylib
0x00007ff82a22d000 	/usr/lib/libmecab.dylib
0x00007ff820abe000 	/usr/lib/libCRFSuite.dylib
0x00007ff82a28a000 	/usr/lib/libgermantok.dylib
0x00007ff82ae00000 	/usr/lib/libThaiTokenizer.dylib
0x00007ff826900000 	/System/Library/Frameworks/Accelerate.framework/Versions/A/Frameworks/vImage.framework/Versions/A/vImage
0x00007ff830e42000 	/System/Library/Frameworks/Accelerate.framework/Versions/A/Frameworks/vecLib.framework/Versions/A/vecLib
0x00007ff82b3f6000 	/System/Library/Frameworks/Accelerate.framework/Versions/A/Frameworks/vecLib.framework/Versions/A/libvMisc.dylib
0x00007ff829c69000 	/System/Library/Frameworks/Accelerate.framework/Versions/A/Frameworks/vecLib.framework/Versions/A/libvDSP.dylib
0x00007ff820727000 	/System/Library/Frameworks/Accelerate.framework/Versions/A/Frameworks/vecLib.framework/Versions/A/libBLAS.dylib
0x00007ff82af37000 	/System/Library/Frameworks/Accelerate.framework/Versions/A/Frameworks/vecLib.framework/Versions/A/libLAPACK.dylib
0x00007ff82a28d000 	/System/Library/Frameworks/Accelerate.framework/Versions/A/Frameworks/vecLib.framework/Versions/A/libLinearAlgebra.dylib
0x00007ff82ae3e000 	/System/Library/Frameworks/Accelerate.framework/Versions/A/Frameworks/vecLib.framework/Versions/A/libSparseBLAS.dylib
0x00007ff82af31000 	/System/Library/Frameworks/Accelerate.framework/Versions/A/Frameworks/vecLib.framework/Versions/A/libQuadrature.dylib
0x00007ff829599000 	/System/Library/Frameworks/Accelerate.framework/Versions/A/Frameworks/vecLib.framework/Versions/A/libBNNS.dylib
0x00007ff8209d4000 	/System/Library/Frameworks/Accelerate.framework/Versions/A/Frameworks/vecLib.framework/Versions/A/libSparse.dylib
0x00007ff829592000 	/System/Library/PrivateFrameworks/LinguisticData.framework/Versions/A/LinguisticData
0x00007ff820989000 	/System/Library/PrivateFrameworks/Lexicon.framework/Versions/A/Lexicon
0x00007ff82b3ef000 	/usr/lib/libChineseTokenizer.dylib
0x00007ff8210ed000 	/System/Library/PrivateFrameworks/LanguageModeling.framework/Versions/A/LanguageModeling
0x00007ff82ae02000 	/System/Library/PrivateFrameworks/AppleSauce.framework/Versions/A/AppleSauce
0x00007ff829e39000 	/System/Library/PrivateFrameworks/CoreEmoji.framework/Versions/A/CoreEmoji
0x00007ff82ad01000 	/usr/lib/libcmph.dylib
0x00007ff827526000 	/System/Library/Frameworks/OpenDirectory.framework/Versions/A/Frameworks/CFOpenDirectory.framework/Versions/A/CFOpenDirectory
0x00007ff82751a000 	/System/Library/Frameworks/OpenDirectory.framework/Versions/A/OpenDirectory
0x00007ff82b348000 	/System/Library/PrivateFrameworks/APFS.framework/Versions/A/APFS
0x00007ff82a15a000 	/System/Library/Frameworks/SecurityFoundation.framework/Versions/A/SecurityFoundation
0x00007ff82b3c3000 	/usr/lib/libutil.dylib
0x00007ff8227ca000 	/System/Library/PrivateFrameworks/CoreServicesStore.framework/Versions/A/CoreServicesStore
0x00007ff82b3c7000 	/usr/lib/libxslt.1.dylib
0x00007ff82a1e7000 	/System/Library/PrivateFrameworks/BackgroundTaskManagement.framework/Versions/A/BackgroundTaskManagement
0x00007ff82c837000 	/System/Library/Frameworks/ImageIO.framework/Versions/A/Resources/libRadiance.dylib
0x00007ff82c840000 	/System/Library/Frameworks/ImageIO.framework/Versions/A/Resources/libJPEG.dylib
0x00007ff82c790000 	/System/Library/Frameworks/ImageIO.framework/Versions/A/Resources/libPng.dylib
0x00007ff82c7b1000 	/System/Library/Frameworks/ImageIO.framework/Versions/A/Resources/libTIFF.dylib
0x00007ff82c8a0000 	/System/Library/Frameworks/ImageIO.framework/Versions/A/Resources/libGIF.dylib
0x00007ff82c0c1000 	/System/Library/Frameworks/ImageIO.framework/Versions/A/Resources/libJP2.dylib
0x00007ff82b803000 	/usr/lib/libexpat.1.dylib
0x00007ff82c076000 	/System/Library/PrivateFrameworks/AppleJPEG.framework/Versions/A/AppleJPEG
0x00007ff8289f2000 	/System/Library/PrivateFrameworks/FontServices.framework/libFontParser.dylib
0x00007ff826557000 	/System/Library/PrivateFrameworks/RunningBoardServices.framework/Versions/A/RunningBoardServices
0x00007ff837010000 	/System/Library/PrivateFrameworks/IOSurfaceAccelerator.framework/Versions/A/IOSurfaceAccelerator
0x00007ff82c1a4000 	/System/Library/PrivateFrameworks/WatchdogClient.framework/Versions/A/WatchdogClient
0x00007ff8211dc000 	/System/Library/Frameworks/CoreDisplay.framework/Versions/A/CoreDisplay
0x00007ff8288f1000 	/System/Library/Frameworks/CoreMedia.framework/Versions/A/CoreMedia
0x00007ff82878e000 	/System/Library/PrivateFrameworks/IOAccelerator.framework/Versions/A/IOAccelerator
0x00007ff8276a2000 	/System/Library/Frameworks/CoreVideo.framework/Versions/A/CoreVideo
0x00007ff82ae54000 	/System/Library/Frameworks/MetalPerformanceShaders.framework/Versions/A/MetalPerformanceShaders
0x00007ff82c1df000 	/System/Library/Frameworks/VideoToolbox.framework/Versions/A/VideoToolbox
0x00007ff82649f000 	/System/Library/PrivateFrameworks/BaseBoard.framework/Versions/A/BaseBoard
0x00007ff82622c000 	/System/Library/PrivateFrameworks/ProtocolBuffer.framework/Versions/A/ProtocolBuffer
0x00007ff82c830000 	/System/Library/PrivateFrameworks/GPUWrangler.framework/Versions/A/GPUWrangler
0x00007ff82c813000 	/System/Library/PrivateFrameworks/IOPresentment.framework/Versions/A/IOPresentment
0x00007ff82c83a000 	/System/Library/PrivateFrameworks/DSExternalDisplay.framework/Versions/A/DSExternalDisplay
0x00007ffa37b0b000 	/System/Library/Frameworks/OpenGL.framework/Versions/A/Libraries/libCoreFSCache.dylib
0x00007ffb23baf000 	/System/Library/PrivateFrameworks/GPUCompiler.framework/Versions/31001/Libraries/libGPUCompilerUtils.dylib
0x00007ff82c8a5000 	/System/Library/PrivateFrameworks/CMCaptureCore.framework/Versions/A/CMCaptureCore
0x00007ff82bdaf000 	/System/Library/PrivateFrameworks/AppServerSupport.framework/Versions/A/AppServerSupport
0x00007ff82df8c000 	/System/Library/PrivateFrameworks/perfdata.framework/Versions/A/perfdata
0x00007ff821308000 	/System/Library/PrivateFrameworks/AudioToolboxCore.framework/Versions/A/AudioToolboxCore
0x00007ff8288ce000 	/System/Library/PrivateFrameworks/caulk.framework/Versions/A/caulk
0x00007ff82d8b0000 	/usr/lib/libAudioStatistics.dylib
0x00007ff924bdd000 	/System/Library/PrivateFrameworks/SystemPolicy.framework/Versions/A/SystemPolicy
0x00007ff82db05000 	/usr/lib/libSMC.dylib
0x00007ff836949000 	/System/Library/Frameworks/CoreMIDI.framework/Versions/A/CoreMIDI
0x00007ff82c760000 	/usr/lib/libAudioToolboxUtility.dylib
0x00007ff920fef000 	/System/Library/PrivateFrameworks/OSAServicesClient.framework/Versions/A/OSAServicesClient
0x00007ff82df99000 	/usr/lib/libperfcheck.dylib
0x00007ff92566f000 	/usr/lib/libmis.dylib
0x00007ffa37b67000 	/System/Library/Frameworks/OpenGL.framework/Versions/A/Libraries/libGLU.dylib
0x00007ffa37b2a000 	/System/Library/Frameworks/OpenGL.framework/Versions/A/Libraries/libGFXShared.dylib
0x00007ffa37d38000 	/System/Library/Frameworks/OpenGL.framework/Versions/A/Libraries/libGL.dylib
0x00007ffa37b33000 	/System/Library/Frameworks/OpenGL.framework/Versions/A/Libraries/libGLImage.dylib
0x00007ffa37b27000 	/System/Library/Frameworks/OpenGL.framework/Versions/A/Libraries/libCVMSPluginSupport.dylib
0x00007ffa37b12000 	/System/Library/Frameworks/OpenGL.framework/Versions/A/Libraries/libCoreVMClient.dylib
0x00007ff82942d000 	/System/Library/Frameworks/MetalPerformanceShaders.framework/Versions/A/Frameworks/MPSCore.framework/Versions/A/MPSCore
0x00007ff82a7f0000 	/System/Library/Frameworks/MetalPerformanceShaders.framework/Versions/A/Frameworks/MPSImage.framework/Versions/A/MPSImage
0x00007ff82a2a3000 	/System/Library/Frameworks/MetalPerformanceShaders.framework/Versions/A/Frameworks/MPSNeuralNetwork.framework/Versions/A/MPSNeuralNetwork
0x00007ff82a718000 	/System/Library/Frameworks/MetalPerformanceShaders.framework/Versions/A/Frameworks/MPSMatrix.framework/Versions/A/MPSMatrix
0x00007ff82a4d4000 	/System/Library/Frameworks/MetalPerformanceShaders.framework/Versions/A/Frameworks/MPSRayIntersector.framework/Versions/A/MPSRayIntersector
0x00007ff82a751000 	/System/Library/Frameworks/MetalPerformanceShaders.framework/Versions/A/Frameworks/MPSNDArray.framework/Versions/A/MPSNDArray
0x00007ffa3c729000 	/System/Library/Frameworks/MetalPerformanceShaders.framework/Versions/A/Frameworks/MPSFunctions.framework/Versions/A/MPSFunctions
0x00007ff82060a000 	/System/Library/PrivateFrameworks/MetalTools.framework/Versions/A/MetalTools
0x00007ff8294a7000 	/System/Library/PrivateFrameworks/AggregateDictionary.framework/Versions/A/AggregateDictionary
0x00007ff82b5e5000 	/usr/lib/libIOReport.dylib
0x00007ffa39147000 	/System/Library/Frameworks/OpenCL.framework/Versions/A/OpenCL
0x00007ff82b949000 	/System/Library/PrivateFrameworks/FaceCore.framework/Versions/A/FaceCore
0x00007ff82b93a000 	/System/Library/PrivateFrameworks/GraphVisualizer.framework/Versions/A/GraphVisualizer
0x00007ffb23aba000 	/System/Library/PrivateFrameworks/FontServices.framework/Versions/A/FontServices
0x00007ff82bd66000 	/System/Library/PrivateFrameworks/OTSVG.framework/Versions/A/OTSVG
0x00007ff82728a000 	/System/Library/Frameworks/ApplicationServices.framework/Versions/A/Frameworks/ATS.framework/Versions/A/Resources/libFontRegistry.dylib
0x00007ff82bdb7000 	/System/Library/PrivateFrameworks/FontServices.framework/libhvf.dylib
0x00007ffb23abb000 	/System/Library/PrivateFrameworks/FontServices.framework/libXTFontStaticRegistryData.dylib
0x00007ff82b7b3000 	/System/Library/PrivateFrameworks/AppleVA.framework/Versions/A/AppleVA
0x00007ff82d8d4000 	/System/Library/Frameworks/ApplicationServices.framework/Versions/A/Frameworks/ATS.framework/Versions/A/ATS
0x00007ff82595a000 	/System/Library/Frameworks/ApplicationServices.framework/Versions/A/Frameworks/HIServices.framework/Versions/A/HIServices
0x00007ff82c8af000 	/System/Library/Frameworks/ApplicationServices.framework/Versions/A/Frameworks/PrintCore.framework/Versions/A/PrintCore
0x00007ff82dc58000 	/System/Library/Frameworks/ApplicationServices.framework/Versions/A/Frameworks/QD.framework/Versions/A/QD
0x00007ff82dc50000 	/System/Library/Frameworks/ApplicationServices.framework/Versions/A/Frameworks/ColorSyncLegacy.framework/Versions/A/ColorSyncLegacy
0x00007ff82d8c4000 	/System/Library/Frameworks/ApplicationServices.framework/Versions/A/Frameworks/SpeechSynthesis.framework/Versions/A/SpeechSynthesis
0x00007ff82c870000 	/System/Library/Frameworks/ApplicationServices.framework/Versions/A/Frameworks/ATSUI.framework/Versions/A/ATSUI
0x00007ff82dbe5000 	/usr/lib/libcups.2.dylib
0x00007ff82dfa8000 	/System/Library/Frameworks/Kerberos.framework/Versions/A/Kerberos
0x00007ff82dfb7000 	/System/Library/Frameworks/GSS.framework/Versions/A/GSS
0x00007ff82d940000 	/usr/lib/libresolv.9.dylib
0x00007ff82bdc6000 	/System/Library/PrivateFrameworks/Heimdal.framework/Versions/A/Heimdal
0x00007ff834aa0000 	/System/Library/Frameworks/Kerberos.framework/Versions/A/Libraries/libHeimdalProxy.dylib
0x00007ff82662c000 	/System/Library/Frameworks/Network.framework/Versions/A/Network
0x00007ff82b81d000 	/usr/lib/libheimdal-asn1.dylib
0x00007ff82e003000 	/System/Library/PrivateFrameworks/CommonAuth.framework/Versions/A/CommonAuth
0x00007ff82d841000 	/System/Library/PrivateFrameworks/AudioSession.framework/Versions/A/AudioSession
0x00007ff82b8ad000 	/System/Library/PrivateFrameworks/MediaExperience.framework/Versions/A/MediaExperience
0x00007ff82d6d5000 	/System/Library/PrivateFrameworks/AudioSession.framework/libSessionUtility.dylib
0x00007ff82dc64000 	/System/Library/PrivateFrameworks/AudioResourceArbitration.framework/Versions/A/AudioResourceArbitration
0x00007ff831c55000 	/System/Library/PrivateFrameworks/PowerLog.framework/Versions/A/PowerLog
0x00007ff82b826000 	/System/Library/PrivateFrameworks/IconFoundation.framework/Versions/A/IconFoundation
0x00007ff830a6f000 	/System/Library/PrivateFrameworks/SpeechRecognitionCore.framework/Versions/A/SpeechRecognitionCore
0x000000010a279000 	/Users/xiaobingliu/Library/Java/JavaVirtualMachines/corretto-16.0.2/Contents/Home/lib/server/libjvm.dylib
0x0000000109182000 	/Users/xiaobingliu/Library/Java/JavaVirtualMachines/corretto-16.0.2/Contents/Home/lib/libjimage.dylib
0x0000000109200000 	/Users/xiaobingliu/Library/Java/JavaVirtualMachines/corretto-16.0.2/Contents/Home/lib/libjava.dylib
0x000000010a062000 	/Users/xiaobingliu/Library/Java/JavaVirtualMachines/corretto-16.0.2/Contents/Home/lib/libnio.dylib
0x000000010a098000 	/Users/xiaobingliu/Library/Java/JavaVirtualMachines/corretto-16.0.2/Contents/Home/lib/libnet.dylib
0x000000010a07a000 	/Users/xiaobingliu/Library/Java/JavaVirtualMachines/corretto-16.0.2/Contents/Home/lib/libzip.dylib
0x000000010a0b8000 	/Users/xiaobingliu/.openjfx/cache/17.0.1/libprism_es2.dylib
0x00007ff82278b000 	/System/Library/PrivateFrameworks/CoreServicesInternal.framework/Versions/A/CoreServicesInternal
0x00007ffa37d43000 	/System/Library/Frameworks/OpenGL.framework/Versions/A/Resources/GLEngine.bundle/GLEngine
0x00007ffa37ba5000 	/System/Library/Frameworks/OpenGL.framework/Versions/A/Libraries/libGLProgrammability.dylib
0x00007ffa2bf6e000 	/System/Library/Extensions/AppleIntelKBLGraphicsGLDriver.bundle/Contents/MacOS/AppleIntelKBLGraphicsGLDriver
0x00007ff92f538000 	/System/Library/PrivateFrameworks/GPUSupport.framework/Versions/A/Libraries/libGPUSupportMercury.dylib
0x00007ffa37ed2000 	/System/Library/Frameworks/OpenGL.framework/Versions/A/Resources/GLRendererFloat.bundle/GLRendererFloat
0x0000000111f21000 	/Users/xiaobingliu/.openjfx/cache/17.0.1/libglass.dylib
0x00007ff832246000 	/System/Library/Frameworks/FileProvider.framework/Versions/A/FileProvider
0x00007ff82640b000 	/System/Library/Frameworks/Accounts.framework/Versions/A/Accounts
0x00007ff8323bd000 	/System/Library/PrivateFrameworks/GenerationalStorage.framework/Versions/A/GenerationalStorage
0x00007ff832ecf000 	/System/Library/PrivateFrameworks/CoreSymbolication.framework/Versions/A/CoreSymbolication
0x00007ff831c4a000 	/System/Library/PrivateFrameworks/SymptomDiagnosticReporter.framework/Versions/A/SymptomDiagnosticReporter
0x00007ff823a4c000 	/System/Library/PrivateFrameworks/DesktopServicesPriv.framework/Versions/A/DesktopServicesPriv
0x00007ff8228cc000 	/usr/lib/libsandbox.1.dylib
0x00007ff827721000 	/System/Library/PrivateFrameworks/UserManagement.framework/Versions/A/UserManagement
0x00007ff832e94000 	/System/Library/PrivateFrameworks/DebugSymbols.framework/Versions/A/DebugSymbols
0x00007ff82dc45000 	/System/Library/PrivateFrameworks/NetAuth.framework/Versions/A/NetAuth
0x00007ff82eb33000 	/System/Library/PrivateFrameworks/Sharing.framework/Versions/A/Sharing
0x00007ff8276f4000 	/System/Library/PrivateFrameworks/login.framework/Versions/A/Frameworks/loginsupport.framework/Versions/A/loginsupport
0x00007ff833fd4000 	/System/Library/PrivateFrameworks/Apple80211.framework/Versions/A/Apple80211
0x00007ff82a8d5000 	/System/Library/PrivateFrameworks/AuthKit.framework/Versions/A/AuthKit
0x00007ff829f2f000 	/System/Library/PrivateFrameworks/CoreUtils.framework/Versions/A/CoreUtils
0x00007ff829e56000 	/System/Library/Frameworks/CoreWLAN.framework/Versions/A/CoreWLAN
0x00007ff82ec8e000 	/System/Library/Frameworks/IOBluetooth.framework/Versions/A/IOBluetooth
0x00007ff83403c000 	/System/Library/PrivateFrameworks/CoreWiFi.framework/Versions/A/CoreWiFi
0x00007ff832a69000 	/System/Library/PrivateFrameworks/FrontBoardServices.framework/Versions/A/FrontBoardServices
0x00007ff832afb000 	/System/Library/PrivateFrameworks/BoardServices.framework/Versions/A/BoardServices
0x00007ff82a149000 	/System/Library/PrivateFrameworks/AssertionServices.framework/Versions/A/AssertionServices
0x00007ff8341c0000 	/System/Library/PrivateFrameworks/BackBoardServices.framework/Versions/A/BackBoardServices
0x00007ff82e092000 	/System/Library/PrivateFrameworks/CorePhoneNumbers.framework/Versions/A/CorePhoneNumbers
0x00007ff831d67000 	/System/Library/PrivateFrameworks/DiskManagement.framework/Versions/A/DiskManagement
0x00007ff831c7b000 	/System/Library/PrivateFrameworks/AppleIDAuthSupport.framework/Versions/A/AppleIDAuthSupport
0x00007ffa3e6bf000 	/System/Library/PrivateFrameworks/AAAFoundation.framework/Versions/A/AAAFoundation
0x00007ff82e073000 	/System/Library/PrivateFrameworks/KeychainCircle.framework/Versions/A/KeychainCircle
0x00007ff831d33000 	/System/Library/PrivateFrameworks/MediaKit.framework/Versions/A/MediaKit
0x00007ff831c87000 	/System/Library/Frameworks/DiscRecording.framework/Versions/A/DiscRecording
0x00007ff82b72b000 	/usr/lib/libCoreStorage.dylib
0x00007ff8344af000 	/usr/lib/libcsfde.dylib
0x00007ff82ed5b000 	/System/Library/PrivateFrameworks/ProtectedCloudStorage.framework/Versions/A/ProtectedCloudStorage
0x00007ff8344ab000 	/System/Library/PrivateFrameworks/EFILogin.framework/Versions/A/EFILogin
0x00007ff8323e3000 	/System/Library/PrivateFrameworks/OctagonTrust.framework/Versions/A/OctagonTrust
0x00007ffb22ddc000 	/System/Library/PrivateFrameworks/CoreUtilsExtras.framework/Versions/A/CoreUtilsExtras
0x00007ff831bbd000 	/System/Library/Frameworks/CoreBluetooth.framework/Versions/A/CoreBluetooth
0x00007ff834b25000 	/System/Library/Frameworks/AudioUnit.framework/Versions/A/AudioUnit
0x00007ff82b723000 	/usr/lib/libMatch.1.dylib
0x00007ff929abe000 	/System/Library/Frameworks/Accelerate.framework/Versions/A/Frameworks/vImage.framework/Versions/A/Libraries/libCGInterfaces.dylib
0x0000000113191000 	/usr/lib/libobjc-trampolines.dylib
0x00007ff82741a000 	/System/Library/PrivateFrameworks/ViewBridge.framework/Versions/A/ViewBridge


VM Arguments:
jvm_args: --add-modules=javafx.controls,javafx.fxml,javafx.graphics,javafx.media --module-path=/Users/xiaobingliu/.gradle/caches/modules-2/files-2.1/org.openjfx/javafx-media/17.0.1/e93ba5b7a365d89abb9817c8777e3a9cb58df17/javafx-media-17.0.1-mac.jar:/Users/xiaobingliu/.gradle/caches/modules-2/files-2.1/org.openjfx/javafx-fxml/17.0.1/4ec9abf3948b347b5ce0e09813add3f25a6dbc0b/javafx-fxml-17.0.1-mac.jar:/Users/xiaobingliu/.gradle/caches/modules-2/files-2.1/org.openjfx/javafx-controls/17.0.1/9c4e3c7ee4fe3f2d71cb94811910695f43040dc5/javafx-controls-17.0.1-mac.jar:/Users/xiaobingliu/.gradle/caches/modules-2/files-2.1/org.openjfx/javafx-graphics/17.0.1/60505369f7528056d4d8c5ea080df5447bdb0264/javafx-graphics-17.0.1-mac.jar:/Users/xiaobingliu/.gradle/caches/modules-2/files-2.1/org.openjfx/javafx-base/17.0.1/75cfa6f780ea3b3fd4ae336161e9e136ebb91ef2/javafx-base-17.0.1-mac.jar -Dfile.encoding=UTF-8 -Duser.country=CN -Duser.language=en -Duser.variant 
java_command: Main
java_class_path (initial): /Users/xiaobingliu/Desktop/cs349/a2/a2-enhanced/build/classes/java/main:/Users/xiaobingliu/Desktop/cs349/a2/a2-enhanced/build/classes/kotlin/main:/Users/xiaobingliu/Desktop/cs349/a2/a2-enhanced/build/resources/main:/Users/xiaobingliu/.gradle/caches/modules-2/files-2.1/org.jetbrains.kotlin/kotlin-stdlib/1.6.10/b8af3fe6f1ca88526914929add63cf5e7c5049af/kotlin-stdlib-1.6.10.jar:/Users/xiaobingliu/.gradle/caches/modules-2/files-2.1/org.jetbrains/annotations/13.0/919f0dfe192fb4e063e7dacadee7f8bb9a2672a9/annotations-13.0.jar:/Users/xiaobingliu/.gradle/caches/modules-2/files-2.1/org.jetbrains.kotlin/kotlin-stdlib-common/1.6.10/c118700e3a33c8a0d9adc920e9dec0831171925/kotlin-stdlib-common-1.6.10.jar
Launcher Type: SUN_STANDARD

[Global flags]
     intx CICompilerCount                          = 3                                         {product} {ergonomic}
     uint ConcGCThreads                            = 1                                         {product} {ergonomic}
     uint G1ConcRefinementThreads                  = 4                                         {product} {ergonomic}
   size_t G1HeapRegionSize                         = 1048576                                   {product} {ergonomic}
    uintx GCDrainStackTargetSize                   = 64                                        {product} {ergonomic}
   size_t InitialHeapSize                          = 134217728                                 {product} {ergonomic}
   size_t MarkStackSize                            = 4194304                                   {product} {ergonomic}
   size_t MaxHeapSize                              = 2147483648                                {product} {ergonomic}
   size_t MaxNewSize                               = 1287651328                                {product} {ergonomic}
   size_t MinHeapDeltaBytes                        = 1048576                                   {product} {ergonomic}
   size_t MinHeapSize                              = 8388608                                   {product} {ergonomic}
    uintx NonNMethodCodeHeapSize                   = 5832780                                {pd product} {ergonomic}
    uintx NonProfiledCodeHeapSize                  = 122912730                              {pd product} {ergonomic}
    uintx ProfiledCodeHeapSize                     = 122912730                              {pd product} {ergonomic}
    uintx ReservedCodeCacheSize                    = 251658240                              {pd product} {ergonomic}
     bool SegmentedCodeCache                       = true                                      {product} {ergonomic}
   size_t SoftMaxHeapSize                          = 2147483648                             {manageable} {ergonomic}
     bool UseCompressedClassPointers               = true                           {product lp64_product} {ergonomic}
     bool UseCompressedOops                        = true                           {product lp64_product} {ergonomic}
     bool UseG1GC                                  = true                                      {product} {ergonomic}
     bool UseNUMA                                  = false                                     {product} {ergonomic}
     bool UseNUMAInterleaving                      = false                                     {product} {ergonomic}

Logging:
Log output configuration:
 #0: stdout all=warning uptime,level,tags
 #1: stderr all=off uptime,level,tags

Environment Variables:
PATH=/Users/xiaobingliu/opt/anaconda3/bin:/Users/xiaobingliu/opt/anaconda3/condabin:/usr/local/bin:/usr/bin:/bin:/usr/sbin:/sbin:/Library/TeX/texbin:/usr/local/share/dotnet:~/.dotnet/tools:/Library/Frameworks/Mono.framework/Versions/Current/Commands
SHELL=/bin/zsh
LC_CTYPE=en_US.UTF-8

Signal Handlers:
SIGSEGV: [libjvm.dylib+0xaf61e0], sa_mask[0]=11100110000111110111111111111111, sa_flags=SA_ONSTACK|SA_RESTART|SA_SIGINFO
SIGBUS: [libjvm.dylib+0xaf61e0], sa_mask[0]=11100110000111110111111111111111, sa_flags=SA_RESTART|SA_SIGINFO
SIGFPE: [libjvm.dylib+0xaf61e0], sa_mask[0]=11100110000111110111111111111111, sa_flags=SA_RESTART|SA_SIGINFO
SIGPIPE: [libjvm.dylib+0x9c26a0], sa_mask[0]=11100110000111110111111111111111, sa_flags=SA_RESTART|SA_SIGINFO
SIGXFSZ: [libjvm.dylib+0x9c26a0], sa_mask[0]=11100110000111110111111111111111, sa_flags=SA_RESTART|SA_SIGINFO
SIGILL: [libjvm.dylib+0xaf61e0], sa_mask[0]=11100110000111110111111111111111, sa_flags=SA_RESTART|SA_SIGINFO
SIGUSR2: [libjvm.dylib+0x9c3100], sa_mask[0]=00100000000000000000000000000000, sa_flags=SA_RESTART|SA_SIGINFO
SIGHUP: [libjvm.dylib+0x9c1740], sa_mask[0]=11100110000111110111111111111111, sa_flags=SA_RESTART|SA_SIGINFO
SIGINT: [libjvm.dylib+0x9c1740], sa_mask[0]=11100110000111110111111111111111, sa_flags=SA_RESTART|SA_SIGINFO
SIGTERM: [libjvm.dylib+0x9c1740], sa_mask[0]=11100110000111110111111111111111, sa_flags=SA_RESTART|SA_SIGINFO
SIGQUIT: [libjvm.dylib+0x9c1740], sa_mask[0]=11100110000111110111111111111111, sa_flags=SA_RESTART|SA_SIGINFO
SIGTRAP: [libjvm.dylib+0xaf61e0], sa_mask[0]=11100110000111110111111111111111, sa_flags=SA_RESTART|SA_SIGINFO


---------------  S Y S T E M  ---------------

OS:uname: Darwin 21.2.0 Darwin Kernel Version 21.2.0: Sun Nov 28 20:28:54 PST 2021; root:xnu-8019.61.5~1/RELEASE_X86_64 x86_64
OS uptime: 0 days 4:05 hours
rlimit (soft/hard): STACK 8192k/65532k , CORE 0k/infinity , NPROC 1392/2088 , NOFILE 10240/infinity , AS infinity/infinity , CPU infinity/infinity , DATA infinity/infinity , FSIZE infinity/infinity , MEMLOCK infinity/infinity , RSS infinity/infinity
load average: 5.41 4.02 3.31

CPU: total 4 (initial active 4) (2 cores per cpu, 2 threads per core) family 6 model 142 stepping 9 microcode 0xea, cx8, cmov, fxsr, ht, mmx, 3dnowpref, sse, sse2, sse3, ssse3, sse4.1, sse4.2, popcnt, lzcnt, tsc, tscinvbit, avx, avx2, aes, erms, clmul, bmi1, bmi2, rtm, adx, fma, vzeroupper, clflush, clflushopt

Memory: 4k page, physical 8388608k(268032k free), swap 3145728k(1336320k free)

vm_info: OpenJDK 64-Bit Server VM (16.0.2+7) for bsd-amd64 JRE (16.0.2+7), built on Jul 22 2021 01:07:07 by "ec2user" with clang Apple LLVM 12.0.5 (clang-1205.0.22.9)

END.
